[info] [API] Request for entity/actions: {
	"action": "entity/actions",
	"params": {
		"clickedPath": "C:/Users/Beffi/WebstormProjects/ZADANIE1/lowgular-course-entry/src/app/ui/employee-list/employee-list.component.ts",
		"position": 471
	},
	"context": {
		"workspace": {
			"rootPath": "C:/Users/Beffi/WebstormProjects/ZADANIE1/lowgular-course-entry"
		},
		"userContext": {
			"id": "iFadiEp1FV",
			"correlationId": "769p91zPYq",
			"clickedPath": "C:/Users/Beffi/WebstormProjects/ZADANIE1/lowgular-course-entry/src/app/ui/employee-list/employee-list.component.ts",
			"logEnvId": "development"
		}
	},
	"level": "info",
	"message": "[API] Request for entity/actions"
}
[info] [CLI] Calling Query entity/actions: {
	"funcParams": {
		"clickedPath": "C:/Users/Beffi/WebstormProjects/ZADANIE1/lowgular-course-entry/src/app/ui/employee-list/employee-list.component.ts",
		"position": 471
	},
	"level": "info",
	"message": "[CLI] Calling Query entity/actions"
}
[info] [CLI] Called Query entity/actions: {
	"result": {
		"context": {
			"parentClass": "EmployeeListComponent",
			"parentProperty": "data$"
		},
		"children": [
			{
				"label": "Properties",
				"children": [
					{
						"label": "data$",
						"children": [
							{
								"actionId": "RXJS_CALL_EXPRESSIONS_MAP",
								"label": "Map Property",
								"callPath": [
									"data$"
								]
							},
							{
								"actionId": "RXJS_CALL_EXPRESSIONS_TAP",
								"label": "Property Side Effect",
								"callPath": [
									"data$"
								]
							}
						]
					},
					{
						"actionId": "ADD_FORM",
						"label": "Create Form Property",
						"callPath": []
					},
					{
						"actionId": "RXJS_PROPERTY_CREATE",
						"label": "Create Data Property",
						"callPath": []
					},
					{
						"actionId": "RXJS_PROPERTY_SUBJECT_CREATE",
						"label": "Create Subject Property",
						"callPath": []
					}
				]
			},
			{
				"label": "Inject",
				"actionId": "INJECT",
				"callPath": []
			},
			{
				"label": "Methods",
				"children": [
					{
						"actionId": "METHOD_CREATE",
						"label": "Create New Method",
						"callPath": []
					}
				]
			},
			{
				"label": "Add Component to Route",
				"actionId": "ADD_TO_ROUTE",
				"callPath": []
			}
		]
	},
	"level": "info",
	"message": "[CLI] Called Query entity/actions"
}
[info] [API] Response ok: entity/actions: {
	"result": {
		"context": {
			"parentClass": "EmployeeListComponent",
			"parentProperty": "data$"
		},
		"children": [
			{
				"label": "Properties",
				"children": [
					{
						"label": "data$",
						"children": [
							{
								"actionId": "RXJS_CALL_EXPRESSIONS_MAP",
								"label": "Map Property",
								"callPath": [
									"data$"
								]
							},
							{
								"actionId": "RXJS_CALL_EXPRESSIONS_TAP",
								"label": "Property Side Effect",
								"callPath": [
									"data$"
								]
							}
						]
					},
					{
						"actionId": "ADD_FORM",
						"label": "Create Form Property",
						"callPath": []
					},
					{
						"actionId": "RXJS_PROPERTY_CREATE",
						"label": "Create Data Property",
						"callPath": []
					},
					{
						"actionId": "RXJS_PROPERTY_SUBJECT_CREATE",
						"label": "Create Subject Property",
						"callPath": []
					}
				]
			},
			{
				"label": "Inject",
				"actionId": "INJECT",
				"callPath": []
			},
			{
				"label": "Methods",
				"children": [
					{
						"actionId": "METHOD_CREATE",
						"label": "Create New Method",
						"callPath": []
					}
				]
			},
			{
				"label": "Add Component to Route",
				"actionId": "ADD_TO_ROUTE",
				"callPath": []
			}
		]
	},
	"level": "info",
	"message": "[API] Response ok: entity/actions"
}
[info] [API] Request for injectable/list: {
	"action": "injectable/list",
	"params": {
		"entityFilePath": "C:/Users/Beffi/WebstormProjects/ZADANIE1/lowgular-course-entry/src/app/ui/employee-list/employee-list.component.ts"
	},
	"context": {
		"workspace": {
			"rootPath": "C:/Users/Beffi/WebstormProjects/ZADANIE1/lowgular-course-entry"
		},
		"userContext": {
			"id": "iFadiEp1FV",
			"correlationId": "769p91zPYq",
			"clickedPath": "C:/Users/Beffi/WebstormProjects/ZADANIE1/lowgular-course-entry/src/app/ui/employee-list/employee-list.component.ts",
			"logEnvId": "development"
		}
	},
	"level": "info",
	"message": "[API] Request for injectable/list"
}
[info] [CLI] Calling Query injectable/list: {
	"funcParams": {
		"entityFilePath": "C:/Users/Beffi/WebstormProjects/ZADANIE1/lowgular-course-entry/src/app/ui/employee-list/employee-list.component.ts"
	},
	"level": "info",
	"message": "[CLI] Calling Query injectable/list"
}
[info] [CLI] Called Query injectable/list: {
	"result": [
		{
			"id": "httpClient",
			"dataType": "External",
			"name": "HttpClient",
			"relatedTypes": {}
		},
		{
			"id": "activatedRoute",
			"dataType": "External",
			"name": "ActivatedRoute",
			"relatedTypes": {}
		}
	],
	"level": "info",
	"message": "[CLI] Called Query injectable/list"
}
[info] [API] Response ok: injectable/list: {
	"result": [
		{
			"id": "httpClient",
			"dataType": "External",
			"name": "HttpClient",
			"relatedTypes": {}
		},
		{
			"id": "activatedRoute",
			"dataType": "External",
			"name": "ActivatedRoute",
			"relatedTypes": {}
		}
	],
	"level": "info",
	"message": "[API] Response ok: injectable/list"
}
[info] [API] Request for injectable/inject-external: {
	"action": "injectable/inject-external",
	"params": {
		"entityFilePath": "C:/Users/Beffi/WebstormProjects/ZADANIE1/lowgular-course-entry/src/app/ui/employee-list/employee-list.component.ts",
		"externalId": "httpClient"
	},
	"context": {
		"workspace": {
			"rootPath": "C:/Users/Beffi/WebstormProjects/ZADANIE1/lowgular-course-entry"
		},
		"userContext": {
			"id": "iFadiEp1FV",
			"correlationId": "769p91zPYq",
			"clickedPath": "C:/Users/Beffi/WebstormProjects/ZADANIE1/lowgular-course-entry/src/app/ui/employee-list/employee-list.component.ts",
			"logEnvId": "development"
		}
	},
	"level": "info",
	"message": "[API] Request for injectable/inject-external"
}
[info] [CLI] Calling Command injectable/inject-external: {
	"funcParams": {
		"entityFilePath": "C:/Users/Beffi/WebstormProjects/ZADANIE1/lowgular-course-entry/src/app/ui/employee-list/employee-list.component.ts",
		"externalId": "httpClient"
	},
	"level": "info",
	"message": "[CLI] Calling Command injectable/inject-external"
}
[error] [API]: Error Manipulation error: A syntax error was inserted.

[96m../../../../../Users/Beffi/WebstormProjects/ZADANIE1/lowgular-course-entry/src/app/ui/employee-list/employee-list.component.ts[0m:[93m18[0m:[93m17[0m - [91merror[0m[90m TS1005: [0m';' expected.

[7m18[0m   constructor() {
[7m  [0m [91m                ~[0m
[96m../../../../../Users/Beffi/WebstormProjects/ZADANIE1/lowgular-course-entry/src/app/ui/employee-list/employee-list.component.ts[0m:[93m20[0m:[93m1[0m - [91merror[0m[90m TS1128: [0mDeclaration or statement expected.

[7m20[0m }
[7m  [0m [91m~[0m

Error replacing tree: The children of the old and new trees were expected to have the same count (5:6).

-- Details --
Path: C:/Users/Beffi/WebstormProjects/ZADANIE1/lowgular-course-entry/src/app/ui/employee-list/employee-list.component.ts
Text: "...Push,\r\n})\r\nexport class EmployeeListComponent {\r\n  data$: Observable<EmployeeModel[] | null> = this.\n\n  constructor() {\n  }\n}\r\n"
Stack: Error: Error replacing tree: The children of the old and new trees were expected to have the same count (5:6).
    at ParentFinderReplacementNodeHandler.handleChildren (C:\Users\Beffi\AppData\Roaming\JetBrains\WebStorm2022.2\plugins\LowgularJPlugin\cli\node_modules\ts-morph\dist\ts-morph.js:1438:19)
    at ParentFinderReplacementNodeHandler.handleNode (C:\Users\Beffi\AppData\Roaming\JetBrains\WebStorm2022.2\plugins\LowgularJPlugin\cli\node_modules\ts-morph\dist\ts-morph.js:1432:18)
    at ParentFinderReplacementNodeHandler.handleNode (C:\Users\Beffi\AppData\Roaming\JetBrains\WebStorm2022.2\plugins\LowgularJPlugin\cli\node_modules\ts-morph\dist\ts-morph.js:1572:19)
    at doManipulation (C:\Users\Beffi\AppData\Roaming\JetBrains\WebStorm2022.2\plugins\LowgularJPlugin\cli\node_modules\ts-morph\dist\ts-morph.js:2284:21)
    at insertIntoBracesOrSourceFile (C:\Users\Beffi\AppData\Roaming\JetBrains\WebStorm2022.2\plugins\LowgularJPlugin\cli\node_modules\ts-morph\dist\ts-morph.js:2488:5)
    at insertIntoBracesOrSourceFileWithGetChildren (C:\Users\Beffi\AppData\Roaming\JetBrains\WebStorm2022.2\plugins\LowgularJPlugin\cli\node_modules\ts-morph\dist\ts-morph.js:2519:5)
    at insertChildren (C:\Users\Beffi\AppData\Roaming\JetBrains\WebStorm2022.2\plugins\LowgularJPlugin\cli\node_modules\ts-morph\dist\ts-morph.js:14429:12)
    at ClassDeclaration.insertConstructors (C:\Users\Beffi\AppData\Roaming\JetBrains\WebStorm2022.2\plugins\LowgularJPlugin\cli\node_modules\ts-morph\dist\ts-morph.js:14055:20)
    at ClassDeclaration.insertConstructor (C:\Users\Beffi\AppData\Roaming\JetBrains\WebStorm2022.2\plugins\LowgularJPlugin\cli\node_modules\ts-morph\dist\ts-morph.js:14051:25)
    at addConstructorParams (C:\Users\Beffi\AppData\Roaming\JetBrains\WebStorm2022.2\plugins\LowgularJPlugin\cli\main.js:9674:30): {
	"loggerData": {
		"action": "injectable/inject-external",
		"params": {
			"entityFilePath": "C:/Users/Beffi/WebstormProjects/ZADANIE1/lowgular-course-entry/src/app/ui/employee-list/employee-list.component.ts",
			"externalId": "httpClient"
		},
		"context": {
			"workspace": {
				"rootPath": "C:/Users/Beffi/WebstormProjects/ZADANIE1/lowgular-course-entry"
			},
			"userContext": {
				"id": "iFadiEp1FV",
				"correlationId": "769p91zPYq",
				"clickedPath": "C:/Users/Beffi/WebstormProjects/ZADANIE1/lowgular-course-entry/src/app/ui/employee-list/employee-list.component.ts",
				"logEnvId": "development"
			}
		}
	},
	"error": {
		"filePath": "C:/Users/Beffi/WebstormProjects/ZADANIE1/lowgular-course-entry/src/app/ui/employee-list/employee-list.component.ts",
		"oldText": "import {\r\n  ChangeDetectionStrategy,\r\n  Component,\r\n  ViewEncapsulation,\r\n} from '@angular/core';\r\nimport { Observable, of } from 'rxjs';\r\nimport { EmployeeModel } from '../../model/employee.model';\r\n\r\n@Component({\r\n  selector: 'employee-list',\r\n  templateUrl: './employee-list.component.html',\r\n  encapsulation: ViewEncapsulation.None,\r\n  changeDetection: ChangeDetectionStrategy.OnPush,\r\n})\r\nexport class EmployeeListComponent {\r\n  data$: Observable<EmployeeModel[] | null> = this.\r\n}\r\n",
		"newText": "import {\r\n  ChangeDetectionStrategy,\r\n  Component,\r\n  ViewEncapsulation,\r\n} from '@angular/core';\r\nimport { Observable, of } from 'rxjs';\r\nimport { EmployeeModel } from '../../model/employee.model';\r\n\r\n@Component({\r\n  selector: 'employee-list',\r\n  templateUrl: './employee-list.component.html',\r\n  encapsulation: ViewEncapsulation.None,\r\n  changeDetection: ChangeDetectionStrategy.OnPush,\r\n})\r\nexport class EmployeeListComponent {\r\n  data$: Observable<EmployeeModel[] | null> = this.\n\n  constructor() {\n  }\n}\r\n"
	},
	"stack": "Error: Manipulation error: A syntax error was inserted.\n\n\u001b[96m../../../../../Users/Beffi/WebstormProjects/ZADANIE1/lowgular-course-entry/src/app/ui/employee-list/employee-list.component.ts\u001b[0m:\u001b[93m18\u001b[0m:\u001b[93m17\u001b[0m - \u001b[91merror\u001b[0m\u001b[90m TS1005: \u001b[0m';' expected.\n\n\u001b[7m18\u001b[0m   constructor() {\n\u001b[7m  \u001b[0m \u001b[91m                ~\u001b[0m\n\u001b[96m../../../../../Users/Beffi/WebstormProjects/ZADANIE1/lowgular-course-entry/src/app/ui/employee-list/employee-list.component.ts\u001b[0m:\u001b[93m20\u001b[0m:\u001b[93m1\u001b[0m - \u001b[91merror\u001b[0m\u001b[90m TS1128: \u001b[0mDeclaration or statement expected.\n\n\u001b[7m20\u001b[0m }\n\u001b[7m  \u001b[0m \u001b[91m~\u001b[0m\n\nError replacing tree: The children of the old and new trees were expected to have the same count (5:6).\n\n-- Details --\nPath: C:/Users/Beffi/WebstormProjects/ZADANIE1/lowgular-course-entry/src/app/ui/employee-list/employee-list.component.ts\nText: \"...Push,\\r\\n})\\r\\nexport class EmployeeListComponent {\\r\\n  data$: Observable<EmployeeModel[] | null> = this.\\n\\n  constructor() {\\n  }\\n}\\r\\n\"\nStack: Error: Error replacing tree: The children of the old and new trees were expected to have the same count (5:6).\n    at ParentFinderReplacementNodeHandler.handleChildren (C:\\Users\\Beffi\\AppData\\Roaming\\JetBrains\\WebStorm2022.2\\plugins\\LowgularJPlugin\\cli\\node_modules\\ts-morph\\dist\\ts-morph.js:1438:19)\n    at ParentFinderReplacementNodeHandler.handleNode (C:\\Users\\Beffi\\AppData\\Roaming\\JetBrains\\WebStorm2022.2\\plugins\\LowgularJPlugin\\cli\\node_modules\\ts-morph\\dist\\ts-morph.js:1432:18)\n    at ParentFinderReplacementNodeHandler.handleNode (C:\\Users\\Beffi\\AppData\\Roaming\\JetBrains\\WebStorm2022.2\\plugins\\LowgularJPlugin\\cli\\node_modules\\ts-morph\\dist\\ts-morph.js:1572:19)\n    at doManipulation (C:\\Users\\Beffi\\AppData\\Roaming\\JetBrains\\WebStorm2022.2\\plugins\\LowgularJPlugin\\cli\\node_modules\\ts-morph\\dist\\ts-morph.js:2284:21)\n    at insertIntoBracesOrSourceFile (C:\\Users\\Beffi\\AppData\\Roaming\\JetBrains\\WebStorm2022.2\\plugins\\LowgularJPlugin\\cli\\node_modules\\ts-morph\\dist\\ts-morph.js:2488:5)\n    at insertIntoBracesOrSourceFileWithGetChildren (C:\\Users\\Beffi\\AppData\\Roaming\\JetBrains\\WebStorm2022.2\\plugins\\LowgularJPlugin\\cli\\node_modules\\ts-morph\\dist\\ts-morph.js:2519:5)\n    at insertChildren (C:\\Users\\Beffi\\AppData\\Roaming\\JetBrains\\WebStorm2022.2\\plugins\\LowgularJPlugin\\cli\\node_modules\\ts-morph\\dist\\ts-morph.js:14429:12)\n    at ClassDeclaration.insertConstructors (C:\\Users\\Beffi\\AppData\\Roaming\\JetBrains\\WebStorm2022.2\\plugins\\LowgularJPlugin\\cli\\node_modules\\ts-morph\\dist\\ts-morph.js:14055:20)\n    at ClassDeclaration.insertConstructor (C:\\Users\\Beffi\\AppData\\Roaming\\JetBrains\\WebStorm2022.2\\plugins\\LowgularJPlugin\\cli\\node_modules\\ts-morph\\dist\\ts-morph.js:14051:25)\n    at addConstructorParams (C:\\Users\\Beffi\\AppData\\Roaming\\JetBrains\\WebStorm2022.2\\plugins\\LowgularJPlugin\\cli\\main.js:9674:30)\n    at throwError (C:\\Users\\Beffi\\AppData\\Roaming\\JetBrains\\WebStorm2022.2\\plugins\\LowgularJPlugin\\cli\\node_modules\\ts-morph\\dist\\ts-morph.js:2300:19)\n    at doManipulation (C:\\Users\\Beffi\\AppData\\Roaming\\JetBrains\\WebStorm2022.2\\plugins\\LowgularJPlugin\\cli\\node_modules\\ts-morph\\dist\\ts-morph.js:2294:13)\n    at insertIntoBracesOrSourceFile (C:\\Users\\Beffi\\AppData\\Roaming\\JetBrains\\WebStorm2022.2\\plugins\\LowgularJPlugin\\cli\\node_modules\\ts-morph\\dist\\ts-morph.js:2488:5)\n    at insertIntoBracesOrSourceFileWithGetChildren (C:\\Users\\Beffi\\AppData\\Roaming\\JetBrains\\WebStorm2022.2\\plugins\\LowgularJPlugin\\cli\\node_modules\\ts-morph\\dist\\ts-morph.js:2519:5)\n    at insertChildren (C:\\Users\\Beffi\\AppData\\Roaming\\JetBrains\\WebStorm2022.2\\plugins\\LowgularJPlugin\\cli\\node_modules\\ts-morph\\dist\\ts-morph.js:14429:12)\n    at ClassDeclaration.insertConstructors (C:\\Users\\Beffi\\AppData\\Roaming\\JetBrains\\WebStorm2022.2\\plugins\\LowgularJPlugin\\cli\\node_modules\\ts-morph\\dist\\ts-morph.js:14055:20)\n    at ClassDeclaration.insertConstructor (C:\\Users\\Beffi\\AppData\\Roaming\\JetBrains\\WebStorm2022.2\\plugins\\LowgularJPlugin\\cli\\node_modules\\ts-morph\\dist\\ts-morph.js:14051:25)\n    at addConstructorParams (C:\\Users\\Beffi\\AppData\\Roaming\\JetBrains\\WebStorm2022.2\\plugins\\LowgularJPlugin\\cli\\main.js:9674:30)\n    at injectExternalDependencyCommandHandler (C:\\Users\\Beffi\\AppData\\Roaming\\JetBrains\\WebStorm2022.2\\plugins\\LowgularJPlugin\\cli\\main.js:11148:48)\n    at async dispatchCommand (C:\\Users\\Beffi\\AppData\\Roaming\\JetBrains\\WebStorm2022.2\\plugins\\LowgularJPlugin\\cli\\main.js:8488:26)",
	"level": "error",
	"message": "[API]: Error Manipulation error: A syntax error was inserted.\n\n\u001b[96m../../../../../Users/Beffi/WebstormProjects/ZADANIE1/lowgular-course-entry/src/app/ui/employee-list/employee-list.component.ts\u001b[0m:\u001b[93m18\u001b[0m:\u001b[93m17\u001b[0m - \u001b[91merror\u001b[0m\u001b[90m TS1005: \u001b[0m';' expected.\n\n\u001b[7m18\u001b[0m   constructor() {\n\u001b[7m  \u001b[0m \u001b[91m                ~\u001b[0m\n\u001b[96m../../../../../Users/Beffi/WebstormProjects/ZADANIE1/lowgular-course-entry/src/app/ui/employee-list/employee-list.component.ts\u001b[0m:\u001b[93m20\u001b[0m:\u001b[93m1\u001b[0m - \u001b[91merror\u001b[0m\u001b[90m TS1128: \u001b[0mDeclaration or statement expected.\n\n\u001b[7m20\u001b[0m }\n\u001b[7m  \u001b[0m \u001b[91m~\u001b[0m\n\nError replacing tree: The children of the old and new trees were expected to have the same count (5:6).\n\n-- Details --\nPath: C:/Users/Beffi/WebstormProjects/ZADANIE1/lowgular-course-entry/src/app/ui/employee-list/employee-list.component.ts\nText: \"...Push,\\r\\n})\\r\\nexport class EmployeeListComponent {\\r\\n  data$: Observable<EmployeeModel[] | null> = this.\\n\\n  constructor() {\\n  }\\n}\\r\\n\"\nStack: Error: Error replacing tree: The children of the old and new trees were expected to have the same count (5:6).\n    at ParentFinderReplacementNodeHandler.handleChildren (C:\\Users\\Beffi\\AppData\\Roaming\\JetBrains\\WebStorm2022.2\\plugins\\LowgularJPlugin\\cli\\node_modules\\ts-morph\\dist\\ts-morph.js:1438:19)\n    at ParentFinderReplacementNodeHandler.handleNode (C:\\Users\\Beffi\\AppData\\Roaming\\JetBrains\\WebStorm2022.2\\plugins\\LowgularJPlugin\\cli\\node_modules\\ts-morph\\dist\\ts-morph.js:1432:18)\n    at ParentFinderReplacementNodeHandler.handleNode (C:\\Users\\Beffi\\AppData\\Roaming\\JetBrains\\WebStorm2022.2\\plugins\\LowgularJPlugin\\cli\\node_modules\\ts-morph\\dist\\ts-morph.js:1572:19)\n    at doManipulation (C:\\Users\\Beffi\\AppData\\Roaming\\JetBrains\\WebStorm2022.2\\plugins\\LowgularJPlugin\\cli\\node_modules\\ts-morph\\dist\\ts-morph.js:2284:21)\n    at insertIntoBracesOrSourceFile (C:\\Users\\Beffi\\AppData\\Roaming\\JetBrains\\WebStorm2022.2\\plugins\\LowgularJPlugin\\cli\\node_modules\\ts-morph\\dist\\ts-morph.js:2488:5)\n    at insertIntoBracesOrSourceFileWithGetChildren (C:\\Users\\Beffi\\AppData\\Roaming\\JetBrains\\WebStorm2022.2\\plugins\\LowgularJPlugin\\cli\\node_modules\\ts-morph\\dist\\ts-morph.js:2519:5)\n    at insertChildren (C:\\Users\\Beffi\\AppData\\Roaming\\JetBrains\\WebStorm2022.2\\plugins\\LowgularJPlugin\\cli\\node_modules\\ts-morph\\dist\\ts-morph.js:14429:12)\n    at ClassDeclaration.insertConstructors (C:\\Users\\Beffi\\AppData\\Roaming\\JetBrains\\WebStorm2022.2\\plugins\\LowgularJPlugin\\cli\\node_modules\\ts-morph\\dist\\ts-morph.js:14055:20)\n    at ClassDeclaration.insertConstructor (C:\\Users\\Beffi\\AppData\\Roaming\\JetBrains\\WebStorm2022.2\\plugins\\LowgularJPlugin\\cli\\node_modules\\ts-morph\\dist\\ts-morph.js:14051:25)\n    at addConstructorParams (C:\\Users\\Beffi\\AppData\\Roaming\\JetBrains\\WebStorm2022.2\\plugins\\LowgularJPlugin\\cli\\main.js:9674:30)"
}
[info] [API] Request for flow/create-entity: {
	"action": "flow/create-entity",
	"params": {},
	"context": {
		"workspace": {
			"rootPath": "C:/Users/Beffi/WebstormProjects/ZADANIE1/lowgular-course-entry"
		},
		"userContext": {
			"id": "iFadiEp1FV",
			"correlationId": "8JnZcsHvDz",
			"clickedPath": "C:/Users/Beffi/WebstormProjects/ZADANIE1/lowgular-course-entry/src/app/model",
			"logEnvId": "development"
		}
	},
	"level": "info",
	"message": "[API] Request for flow/create-entity"
}
[info] [CLI] Calling Query flow/create-entity: {
	"funcParams": {},
	"level": "info",
	"message": "[CLI] Calling Query flow/create-entity"
}
[info] [CLI] Called Query flow/create-entity: {
	"result": {
		"context": {
			"project": {
				"name": "lowgular-course-entry",
				"workspaceRoot": "C:/Users/Beffi/WebstormProjects/ZADANIE1/lowgular-course-entry",
				"root": "",
				"sourceRoot": "src",
				"prefix": "app",
				"codePathFromWorkspaceRoot": "src/app",
				"absoluteCodePath": "C:/Users/Beffi/WebstormProjects/ZADANIE1/lowgular-course-entry/src/app",
				"absoluteRootPath": "C:/Users/Beffi/WebstormProjects/ZADANIE1/lowgular-course-entry",
				"rootRoutingFilePath": "C:/Users/Beffi/WebstormProjects/ZADANIE1/lowgular-course-entry/src/app/app-routing.module.ts",
				"type": "App"
			}
		},
		"steps": [
			{
				"contextId": "entity",
				"title": "What do you want to create?",
				"type": "multi-option",
				"options": {
					"App": [
						{
							"id": "component",
							"suffix": "Component",
							"folder": "ui/$name$",
							"type": "ANGULAR_COMPONENT",
							"insideOf": "App",
							"config": {
								"stylesExtension": "none",
								"viewEncapsulation": "Emulated",
								"selector": "generated",
								"changeDetectionStrategy": "OnPush"
							}
						},
						{
							"id": "dataService",
							"suffix": "Service",
							"folder": "services",
							"type": "ANGULAR_SERVICE",
							"insideOf": "App"
						},
						{
							"id": "model",
							"suffix": "Model",
							"folder": "model",
							"type": "DATA_STRUCTURE",
							"insideOf": "App"
						},
						{
							"id": "response",
							"suffix": "Response",
							"folder": "services",
							"type": "DATA_STRUCTURE",
							"insideOf": "App"
						}
					],
					"Lib": []
				},
				"param": "project.type",
				"property": "id"
			},
			{
				"contextId": "name",
				"title": "What is the $entity.id$ name?",
				"subtitle": "e.g. user",
				"type": "text-input"
			},
			{
				"conditions": [
					{
						"left": "entity.type",
						"operator": "eq",
						"right": "DATA_STRUCTURE"
					},
					{
						"left": "entity.type",
						"operator": "eq",
						"right": "OBJECT"
					}
				],
				"contextId": "properties",
				"title": "What are the $entity.id$ properties?",
				"subtitle": "Optional: Can be empty... or use csv format e.g. id:number,text:string",
				"type": "multi-input"
			}
		],
		"request": {
			"scope": "entity.type",
			"config": {
				"LIBRARY": {
					"url": "library/create",
					"payload": {
						"name": "name.value"
					}
				},
				"OBJECT": {
					"url": "object/create",
					"payload": {
						"name": "name.value",
						"properties": "properties",
						"entityId": "entity.id"
					}
				},
				"DATA_STRUCTURE": {
					"url": "data-structure/create",
					"payload": {
						"name": "name.value",
						"properties": "properties",
						"entityId": "entity.id"
					}
				},
				"ANGULAR_COMPONENT": {
					"url": "angular-component/create",
					"payload": {
						"name": "name.value",
						"entityId": "entity.id"
					}
				},
				"ANGULAR_DIRECTIVE": {
					"url": "angular-directive/create",
					"payload": {
						"name": "name.value",
						"entityId": "entity.id"
					}
				},
				"ANGULAR_GUARD": {
					"url": "angular-guard/create",
					"payload": {
						"name": "name.value",
						"entityId": "entity.id"
					}
				},
				"ANGULAR_RESOLVER": {
					"url": "angular-resolver/create",
					"payload": {
						"name": "name.value",
						"entityId": "entity.id"
					}
				},
				"ANGULAR_SERVICE": {
					"url": "angular-service/create",
					"payload": {
						"name": "name.value",
						"entityId": "entity.id"
					}
				},
				"ABSTRACTION": {
					"url": "abstraction/create",
					"payload": {
						"name": "name.value",
						"entityId": "entity.id"
					}
				}
			}
		}
	},
	"level": "info",
	"message": "[CLI] Called Query flow/create-entity"
}
[info] [API] Response ok: flow/create-entity: {
	"result": {
		"context": {
			"project": {
				"name": "lowgular-course-entry",
				"workspaceRoot": "C:/Users/Beffi/WebstormProjects/ZADANIE1/lowgular-course-entry",
				"root": "",
				"sourceRoot": "src",
				"prefix": "app",
				"codePathFromWorkspaceRoot": "src/app",
				"absoluteCodePath": "C:/Users/Beffi/WebstormProjects/ZADANIE1/lowgular-course-entry/src/app",
				"absoluteRootPath": "C:/Users/Beffi/WebstormProjects/ZADANIE1/lowgular-course-entry",
				"rootRoutingFilePath": "C:/Users/Beffi/WebstormProjects/ZADANIE1/lowgular-course-entry/src/app/app-routing.module.ts",
				"type": "App"
			}
		},
		"steps": [
			{
				"contextId": "entity",
				"title": "What do you want to create?",
				"type": "multi-option",
				"options": {
					"App": [
						{
							"id": "component",
							"suffix": "Component",
							"folder": "ui/$name$",
							"type": "ANGULAR_COMPONENT",
							"insideOf": "App",
							"config": {
								"stylesExtension": "none",
								"viewEncapsulation": "Emulated",
								"selector": "generated",
								"changeDetectionStrategy": "OnPush"
							}
						},
						{
							"id": "dataService",
							"suffix": "Service",
							"folder": "services",
							"type": "ANGULAR_SERVICE",
							"insideOf": "App"
						},
						{
							"id": "model",
							"suffix": "Model",
							"folder": "model",
							"type": "DATA_STRUCTURE",
							"insideOf": "App"
						},
						{
							"id": "response",
							"suffix": "Response",
							"folder": "services",
							"type": "DATA_STRUCTURE",
							"insideOf": "App"
						}
					],
					"Lib": []
				},
				"param": "project.type",
				"property": "id"
			},
			{
				"contextId": "name",
				"title": "What is the $entity.id$ name?",
				"subtitle": "e.g. user",
				"type": "text-input"
			},
			{
				"conditions": [
					{
						"left": "entity.type",
						"operator": "eq",
						"right": "DATA_STRUCTURE"
					},
					{
						"left": "entity.type",
						"operator": "eq",
						"right": "OBJECT"
					}
				],
				"contextId": "properties",
				"title": "What are the $entity.id$ properties?",
				"subtitle": "Optional: Can be empty... or use csv format e.g. id:number,text:string",
				"type": "multi-input"
			}
		],
		"request": {
			"scope": "entity.type",
			"config": {
				"LIBRARY": {
					"url": "library/create",
					"payload": {
						"name": "name.value"
					}
				},
				"OBJECT": {
					"url": "object/create",
					"payload": {
						"name": "name.value",
						"properties": "properties",
						"entityId": "entity.id"
					}
				},
				"DATA_STRUCTURE": {
					"url": "data-structure/create",
					"payload": {
						"name": "name.value",
						"properties": "properties",
						"entityId": "entity.id"
					}
				},
				"ANGULAR_COMPONENT": {
					"url": "angular-component/create",
					"payload": {
						"name": "name.value",
						"entityId": "entity.id"
					}
				},
				"ANGULAR_DIRECTIVE": {
					"url": "angular-directive/create",
					"payload": {
						"name": "name.value",
						"entityId": "entity.id"
					}
				},
				"ANGULAR_GUARD": {
					"url": "angular-guard/create",
					"payload": {
						"name": "name.value",
						"entityId": "entity.id"
					}
				},
				"ANGULAR_RESOLVER": {
					"url": "angular-resolver/create",
					"payload": {
						"name": "name.value",
						"entityId": "entity.id"
					}
				},
				"ANGULAR_SERVICE": {
					"url": "angular-service/create",
					"payload": {
						"name": "name.value",
						"entityId": "entity.id"
					}
				},
				"ABSTRACTION": {
					"url": "abstraction/create",
					"payload": {
						"name": "name.value",
						"entityId": "entity.id"
					}
				}
			}
		}
	},
	"level": "info",
	"message": "[API] Response ok: flow/create-entity"
}
[info] [API] Request for angular-component/create: {
	"action": "angular-component/create",
	"params": {
		"name": "faces",
		"entityId": "component"
	},
	"context": {
		"workspace": {
			"rootPath": "C:/Users/Beffi/WebstormProjects/ZADANIE1/lowgular-course-entry"
		},
		"userContext": {
			"id": "iFadiEp1FV",
			"correlationId": "8JnZcsHvDz",
			"clickedPath": "C:/Users/Beffi/WebstormProjects/ZADANIE1/lowgular-course-entry/src/app/model",
			"logEnvId": "development"
		}
	},
	"level": "info",
	"message": "[API] Request for angular-component/create"
}
[info] [CLI] Calling Command angular-component/create: {
	"funcParams": {
		"name": "faces",
		"entityId": "component"
	},
	"level": "info",
	"message": "[CLI] Calling Command angular-component/create"
}
[info] [CommandBus]: Dispatching command COMPONENT_CREATE_SMART_COMPONENT: {
	"commandName": "COMPONENT_CREATE_SMART_COMPONENT",
	"payload": {
		"name": "faces",
		"prefix": "app",
		"suffix": "Component",
		"absoluteFolderPath": "C:/Users/Beffi/WebstormProjects/ZADANIE1/lowgular-course-entry/src/app/ui/faces",
		"config": {
			"stylesExtension": "none",
			"viewEncapsulation": "Emulated",
			"selector": "generated",
			"changeDetectionStrategy": "OnPush"
		}
	},
	"level": "info",
	"message": "[CommandBus]: Dispatching command COMPONENT_CREATE_SMART_COMPONENT"
}
[warn] [TsMorphFileAdapter]: File Not Found, creating...: {
	"filePath": "C:/Users/Beffi/WebstormProjects/ZADANIE1/lowgular-course-entry/src/app/ui/faces/faces.component.html",
	"level": "warn",
	"message": "[TsMorphFileAdapter]: File Not Found, creating..."
}
[info] [EventBus]: Broadcasting event COMPONENT_SMART_COMPONENT_CREATED: {
	"type": "COMPONENT_SMART_COMPONENT_CREATED",
	"payload": {
		"createdFile": "C:/Users/Beffi/WebstormProjects/ZADANIE1/lowgular-course-entry/src/app/ui/faces/faces.component.ts"
	},
	"level": "info",
	"message": "[EventBus]: Broadcasting event COMPONENT_SMART_COMPONENT_CREATED"
}
[info] [CommandBus]: Dispatching command CREATE_COMPONENT_MODULE: {
	"commandName": "CREATE_COMPONENT_MODULE",
	"payload": {
		"moduleFilePath": "C:/Users/Beffi/WebstormProjects/ZADANIE1/lowgular-course-entry/src/app/ui/faces/faces.component-module.ts"
	},
	"level": "info",
	"message": "[CommandBus]: Dispatching command CREATE_COMPONENT_MODULE"
}
[info] [EventBus]: Broadcasted COMPONENT_SMART_COMPONENT_CREATED: {
	"event": {
		"createdFile": "C:/Users/Beffi/WebstormProjects/ZADANIE1/lowgular-course-entry/src/app/ui/faces/faces.component.ts"
	},
	"level": "info",
	"message": "[EventBus]: Broadcasted COMPONENT_SMART_COMPONENT_CREATED"
}
[info] [EventBus]: Broadcasting event MODULE_MODULE_CREATED: {
	"type": "MODULE_MODULE_CREATED",
	"payload": {
		"moduleFile": "C:/Users/Beffi/WebstormProjects/ZADANIE1/lowgular-course-entry/src/app/ui/faces/faces.component-module.ts"
	},
	"level": "info",
	"message": "[EventBus]: Broadcasting event MODULE_MODULE_CREATED"
}
[info] [EventBus]: Broadcasted MODULE_MODULE_CREATED: {
	"event": {
		"moduleFile": "C:/Users/Beffi/WebstormProjects/ZADANIE1/lowgular-course-entry/src/app/ui/faces/faces.component-module.ts"
	},
	"level": "info",
	"message": "[EventBus]: Broadcasted MODULE_MODULE_CREATED"
}
[info] [CommandBus]: Handled  CREATE_COMPONENT_MODULE: {
	"commandName": "CREATE_COMPONENT_MODULE",
	"payload": {
		"moduleFilePath": "C:/Users/Beffi/WebstormProjects/ZADANIE1/lowgular-course-entry/src/app/ui/faces/faces.component-module.ts"
	},
	"level": "info",
	"message": "[CommandBus]: Handled  CREATE_COMPONENT_MODULE"
}
[info] [CommandBus]: Handled  COMPONENT_CREATE_SMART_COMPONENT: {
	"commandName": "COMPONENT_CREATE_SMART_COMPONENT",
	"payload": {
		"name": "faces",
		"prefix": "app",
		"suffix": "Component",
		"absoluteFolderPath": "C:/Users/Beffi/WebstormProjects/ZADANIE1/lowgular-course-entry/src/app/ui/faces",
		"config": {
			"stylesExtension": "none",
			"viewEncapsulation": "Emulated",
			"selector": "generated",
			"changeDetectionStrategy": "OnPush"
		}
	},
	"level": "info",
	"message": "[CommandBus]: Handled  COMPONENT_CREATE_SMART_COMPONENT"
}
[info] [CLI] Called Command angular-component/create: {
	"message": "[CLI] Called Command angular-component/create",
	"level": "info"
}
[info] [API] Response ok: angular-component/create: {
	"result": {
		"filePath": "C:/Users/Beffi/WebstormProjects/ZADANIE1/lowgular-course-entry/src/app/ui/faces/faces.component.ts"
	},
	"level": "info",
	"message": "[API] Response ok: angular-component/create"
}
[info] [API] Request for entity/actions: {
	"action": "entity/actions",
	"params": {
		"clickedPath": "C:/Users/Beffi/WebstormProjects/ZADANIE1/lowgular-course-entry/src/app/ui/faces/faces.component.ts",
		"position": 296
	},
	"context": {
		"workspace": {
			"rootPath": "C:/Users/Beffi/WebstormProjects/ZADANIE1/lowgular-course-entry"
		},
		"userContext": {
			"id": "iFadiEp1FV",
			"correlationId": "kOzUCQ09h_",
			"clickedPath": "C:/Users/Beffi/WebstormProjects/ZADANIE1/lowgular-course-entry/src/app/ui/faces/faces.component.ts",
			"logEnvId": "development"
		}
	},
	"level": "info",
	"message": "[API] Request for entity/actions"
}
[info] [CLI] Calling Query entity/actions: {
	"funcParams": {
		"clickedPath": "C:/Users/Beffi/WebstormProjects/ZADANIE1/lowgular-course-entry/src/app/ui/faces/faces.component.ts",
		"position": 296
	},
	"level": "info",
	"message": "[CLI] Calling Query entity/actions"
}
[info] [CLI] Called Query entity/actions: {
	"result": {
		"context": {},
		"children": [
			{
				"label": "Properties",
				"children": [
					{
						"actionId": "ADD_FORM",
						"label": "Create Form Property",
						"callPath": []
					},
					{
						"actionId": "RXJS_PROPERTY_CREATE",
						"label": "Create Data Property",
						"callPath": []
					},
					{
						"actionId": "RXJS_PROPERTY_SUBJECT_CREATE",
						"label": "Create Subject Property",
						"callPath": []
					}
				]
			},
			{
				"label": "Inject",
				"actionId": "INJECT",
				"callPath": []
			},
			{
				"label": "Methods",
				"children": [
					{
						"actionId": "METHOD_CREATE",
						"label": "Create New Method",
						"callPath": []
					}
				]
			},
			{
				"label": "Add Component to Route",
				"actionId": "ADD_TO_ROUTE",
				"callPath": []
			}
		]
	},
	"level": "info",
	"message": "[CLI] Called Query entity/actions"
}
[info] [API] Response ok: entity/actions: {
	"result": {
		"context": {},
		"children": [
			{
				"label": "Properties",
				"children": [
					{
						"actionId": "ADD_FORM",
						"label": "Create Form Property",
						"callPath": []
					},
					{
						"actionId": "RXJS_PROPERTY_CREATE",
						"label": "Create Data Property",
						"callPath": []
					},
					{
						"actionId": "RXJS_PROPERTY_SUBJECT_CREATE",
						"label": "Create Subject Property",
						"callPath": []
					}
				]
			},
			{
				"label": "Inject",
				"actionId": "INJECT",
				"callPath": []
			},
			{
				"label": "Methods",
				"children": [
					{
						"actionId": "METHOD_CREATE",
						"label": "Create New Method",
						"callPath": []
					}
				]
			},
			{
				"label": "Add Component to Route",
				"actionId": "ADD_TO_ROUTE",
				"callPath": []
			}
		]
	},
	"level": "info",
	"message": "[API] Response ok: entity/actions"
}
[info] [API] Request for injectable/list: {
	"action": "injectable/list",
	"params": {
		"entityFilePath": "C:/Users/Beffi/WebstormProjects/ZADANIE1/lowgular-course-entry/src/app/ui/faces/faces.component.ts"
	},
	"context": {
		"workspace": {
			"rootPath": "C:/Users/Beffi/WebstormProjects/ZADANIE1/lowgular-course-entry"
		},
		"userContext": {
			"id": "iFadiEp1FV",
			"correlationId": "kOzUCQ09h_",
			"clickedPath": "C:/Users/Beffi/WebstormProjects/ZADANIE1/lowgular-course-entry/src/app/ui/faces/faces.component.ts",
			"logEnvId": "development"
		}
	},
	"level": "info",
	"message": "[API] Request for injectable/list"
}
[info] [CLI] Calling Query injectable/list: {
	"funcParams": {
		"entityFilePath": "C:/Users/Beffi/WebstormProjects/ZADANIE1/lowgular-course-entry/src/app/ui/faces/faces.component.ts"
	},
	"level": "info",
	"message": "[CLI] Calling Query injectable/list"
}
[info] [CLI] Called Query injectable/list: {
	"result": [
		{
			"id": "httpClient",
			"dataType": "External",
			"name": "HttpClient",
			"relatedTypes": {}
		},
		{
			"id": "activatedRoute",
			"dataType": "External",
			"name": "ActivatedRoute",
			"relatedTypes": {}
		}
	],
	"level": "info",
	"message": "[CLI] Called Query injectable/list"
}
[info] [API] Response ok: injectable/list: {
	"result": [
		{
			"id": "httpClient",
			"dataType": "External",
			"name": "HttpClient",
			"relatedTypes": {}
		},
		{
			"id": "activatedRoute",
			"dataType": "External",
			"name": "ActivatedRoute",
			"relatedTypes": {}
		}
	],
	"level": "info",
	"message": "[API] Response ok: injectable/list"
}
[info] [API] Request for injectable/inject-external: {
	"action": "injectable/inject-external",
	"params": {
		"entityFilePath": "C:/Users/Beffi/WebstormProjects/ZADANIE1/lowgular-course-entry/src/app/ui/faces/faces.component.ts",
		"externalId": "httpClient"
	},
	"context": {
		"workspace": {
			"rootPath": "C:/Users/Beffi/WebstormProjects/ZADANIE1/lowgular-course-entry"
		},
		"userContext": {
			"id": "iFadiEp1FV",
			"correlationId": "kOzUCQ09h_",
			"clickedPath": "C:/Users/Beffi/WebstormProjects/ZADANIE1/lowgular-course-entry/src/app/ui/faces/faces.component.ts",
			"logEnvId": "development"
		}
	},
	"level": "info",
	"message": "[API] Request for injectable/inject-external"
}
[info] [CLI] Calling Command injectable/inject-external: {
	"funcParams": {
		"entityFilePath": "C:/Users/Beffi/WebstormProjects/ZADANIE1/lowgular-course-entry/src/app/ui/faces/faces.component.ts",
		"externalId": "httpClient"
	},
	"level": "info",
	"message": "[CLI] Calling Command injectable/inject-external"
}
[info] [CommandBus]: Dispatching command INJECT_EXTERNAL_DEPENDENCY: {
	"commandName": "INJECT_EXTERNAL_DEPENDENCY",
	"payload": {
		"entityFilePath": "C:/Users/Beffi/WebstormProjects/ZADANIE1/lowgular-course-entry/src/app/ui/faces/faces.component.ts",
		"externalType": "HttpClient",
		"genericFilePaths": []
	},
	"level": "info",
	"message": "[CommandBus]: Dispatching command INJECT_EXTERNAL_DEPENDENCY"
}
[info] [CommandBus]: Handled  INJECT_EXTERNAL_DEPENDENCY: {
	"commandName": "INJECT_EXTERNAL_DEPENDENCY",
	"payload": {
		"entityFilePath": "C:/Users/Beffi/WebstormProjects/ZADANIE1/lowgular-course-entry/src/app/ui/faces/faces.component.ts",
		"externalType": "HttpClient",
		"genericFilePaths": []
	},
	"level": "info",
	"message": "[CommandBus]: Handled  INJECT_EXTERNAL_DEPENDENCY"
}
[info] [CLI] Called Command injectable/inject-external: {
	"message": "[CLI] Called Command injectable/inject-external",
	"level": "info"
}
[info] [API] Response ok: injectable/inject-external: {
	"result": {
		"filePath": "C:/Users/Beffi/WebstormProjects/ZADANIE1/lowgular-course-entry/src/app/ui/faces/faces.component.ts"
	},
	"level": "info",
	"message": "[API] Response ok: injectable/inject-external"
}
[info] [API] Request for flow/create-entity: {
	"action": "flow/create-entity",
	"params": {},
	"context": {
		"workspace": {
			"rootPath": "C:/Users/Beffi/WebstormProjects/ZADANIE1/lowgular-course-entry"
		},
		"userContext": {
			"id": "iFadiEp1FV",
			"correlationId": "wDipi0O-H-",
			"clickedPath": "C:/Users/Beffi/WebstormProjects/ZADANIE1/lowgular-course-entry/src/app/ui",
			"logEnvId": "development"
		}
	},
	"level": "info",
	"message": "[API] Request for flow/create-entity"
}
[info] [CLI] Calling Query flow/create-entity: {
	"funcParams": {},
	"level": "info",
	"message": "[CLI] Calling Query flow/create-entity"
}
[info] [CLI] Called Query flow/create-entity: {
	"result": {
		"context": {
			"project": {
				"name": "lowgular-course-entry",
				"workspaceRoot": "C:/Users/Beffi/WebstormProjects/ZADANIE1/lowgular-course-entry",
				"root": "",
				"sourceRoot": "src",
				"prefix": "app",
				"codePathFromWorkspaceRoot": "src/app",
				"absoluteCodePath": "C:/Users/Beffi/WebstormProjects/ZADANIE1/lowgular-course-entry/src/app",
				"absoluteRootPath": "C:/Users/Beffi/WebstormProjects/ZADANIE1/lowgular-course-entry",
				"rootRoutingFilePath": "C:/Users/Beffi/WebstormProjects/ZADANIE1/lowgular-course-entry/src/app/app-routing.module.ts",
				"type": "App"
			}
		},
		"steps": [
			{
				"contextId": "entity",
				"title": "What do you want to create?",
				"type": "multi-option",
				"options": {
					"App": [
						{
							"id": "component",
							"suffix": "Component",
							"folder": "ui/$name$",
							"type": "ANGULAR_COMPONENT",
							"insideOf": "App",
							"config": {
								"stylesExtension": "none",
								"viewEncapsulation": "Emulated",
								"selector": "generated",
								"changeDetectionStrategy": "OnPush"
							}
						},
						{
							"id": "dataService",
							"suffix": "Service",
							"folder": "services",
							"type": "ANGULAR_SERVICE",
							"insideOf": "App"
						},
						{
							"id": "model",
							"suffix": "Model",
							"folder": "model",
							"type": "DATA_STRUCTURE",
							"insideOf": "App"
						},
						{
							"id": "response",
							"suffix": "Response",
							"folder": "services",
							"type": "DATA_STRUCTURE",
							"insideOf": "App"
						}
					],
					"Lib": []
				},
				"param": "project.type",
				"property": "id"
			},
			{
				"contextId": "name",
				"title": "What is the $entity.id$ name?",
				"subtitle": "e.g. user",
				"type": "text-input"
			},
			{
				"conditions": [
					{
						"left": "entity.type",
						"operator": "eq",
						"right": "DATA_STRUCTURE"
					},
					{
						"left": "entity.type",
						"operator": "eq",
						"right": "OBJECT"
					}
				],
				"contextId": "properties",
				"title": "What are the $entity.id$ properties?",
				"subtitle": "Optional: Can be empty... or use csv format e.g. id:number,text:string",
				"type": "multi-input"
			}
		],
		"request": {
			"scope": "entity.type",
			"config": {
				"LIBRARY": {
					"url": "library/create",
					"payload": {
						"name": "name.value"
					}
				},
				"OBJECT": {
					"url": "object/create",
					"payload": {
						"name": "name.value",
						"properties": "properties",
						"entityId": "entity.id"
					}
				},
				"DATA_STRUCTURE": {
					"url": "data-structure/create",
					"payload": {
						"name": "name.value",
						"properties": "properties",
						"entityId": "entity.id"
					}
				},
				"ANGULAR_COMPONENT": {
					"url": "angular-component/create",
					"payload": {
						"name": "name.value",
						"entityId": "entity.id"
					}
				},
				"ANGULAR_DIRECTIVE": {
					"url": "angular-directive/create",
					"payload": {
						"name": "name.value",
						"entityId": "entity.id"
					}
				},
				"ANGULAR_GUARD": {
					"url": "angular-guard/create",
					"payload": {
						"name": "name.value",
						"entityId": "entity.id"
					}
				},
				"ANGULAR_RESOLVER": {
					"url": "angular-resolver/create",
					"payload": {
						"name": "name.value",
						"entityId": "entity.id"
					}
				},
				"ANGULAR_SERVICE": {
					"url": "angular-service/create",
					"payload": {
						"name": "name.value",
						"entityId": "entity.id"
					}
				},
				"ABSTRACTION": {
					"url": "abstraction/create",
					"payload": {
						"name": "name.value",
						"entityId": "entity.id"
					}
				}
			}
		}
	},
	"level": "info",
	"message": "[CLI] Called Query flow/create-entity"
}
[info] [API] Response ok: flow/create-entity: {
	"result": {
		"context": {
			"project": {
				"name": "lowgular-course-entry",
				"workspaceRoot": "C:/Users/Beffi/WebstormProjects/ZADANIE1/lowgular-course-entry",
				"root": "",
				"sourceRoot": "src",
				"prefix": "app",
				"codePathFromWorkspaceRoot": "src/app",
				"absoluteCodePath": "C:/Users/Beffi/WebstormProjects/ZADANIE1/lowgular-course-entry/src/app",
				"absoluteRootPath": "C:/Users/Beffi/WebstormProjects/ZADANIE1/lowgular-course-entry",
				"rootRoutingFilePath": "C:/Users/Beffi/WebstormProjects/ZADANIE1/lowgular-course-entry/src/app/app-routing.module.ts",
				"type": "App"
			}
		},
		"steps": [
			{
				"contextId": "entity",
				"title": "What do you want to create?",
				"type": "multi-option",
				"options": {
					"App": [
						{
							"id": "component",
							"suffix": "Component",
							"folder": "ui/$name$",
							"type": "ANGULAR_COMPONENT",
							"insideOf": "App",
							"config": {
								"stylesExtension": "none",
								"viewEncapsulation": "Emulated",
								"selector": "generated",
								"changeDetectionStrategy": "OnPush"
							}
						},
						{
							"id": "dataService",
							"suffix": "Service",
							"folder": "services",
							"type": "ANGULAR_SERVICE",
							"insideOf": "App"
						},
						{
							"id": "model",
							"suffix": "Model",
							"folder": "model",
							"type": "DATA_STRUCTURE",
							"insideOf": "App"
						},
						{
							"id": "response",
							"suffix": "Response",
							"folder": "services",
							"type": "DATA_STRUCTURE",
							"insideOf": "App"
						}
					],
					"Lib": []
				},
				"param": "project.type",
				"property": "id"
			},
			{
				"contextId": "name",
				"title": "What is the $entity.id$ name?",
				"subtitle": "e.g. user",
				"type": "text-input"
			},
			{
				"conditions": [
					{
						"left": "entity.type",
						"operator": "eq",
						"right": "DATA_STRUCTURE"
					},
					{
						"left": "entity.type",
						"operator": "eq",
						"right": "OBJECT"
					}
				],
				"contextId": "properties",
				"title": "What are the $entity.id$ properties?",
				"subtitle": "Optional: Can be empty... or use csv format e.g. id:number,text:string",
				"type": "multi-input"
			}
		],
		"request": {
			"scope": "entity.type",
			"config": {
				"LIBRARY": {
					"url": "library/create",
					"payload": {
						"name": "name.value"
					}
				},
				"OBJECT": {
					"url": "object/create",
					"payload": {
						"name": "name.value",
						"properties": "properties",
						"entityId": "entity.id"
					}
				},
				"DATA_STRUCTURE": {
					"url": "data-structure/create",
					"payload": {
						"name": "name.value",
						"properties": "properties",
						"entityId": "entity.id"
					}
				},
				"ANGULAR_COMPONENT": {
					"url": "angular-component/create",
					"payload": {
						"name": "name.value",
						"entityId": "entity.id"
					}
				},
				"ANGULAR_DIRECTIVE": {
					"url": "angular-directive/create",
					"payload": {
						"name": "name.value",
						"entityId": "entity.id"
					}
				},
				"ANGULAR_GUARD": {
					"url": "angular-guard/create",
					"payload": {
						"name": "name.value",
						"entityId": "entity.id"
					}
				},
				"ANGULAR_RESOLVER": {
					"url": "angular-resolver/create",
					"payload": {
						"name": "name.value",
						"entityId": "entity.id"
					}
				},
				"ANGULAR_SERVICE": {
					"url": "angular-service/create",
					"payload": {
						"name": "name.value",
						"entityId": "entity.id"
					}
				},
				"ABSTRACTION": {
					"url": "abstraction/create",
					"payload": {
						"name": "name.value",
						"entityId": "entity.id"
					}
				}
			}
		}
	},
	"level": "info",
	"message": "[API] Response ok: flow/create-entity"
}
[info] [API] Request for flow/create-entity: {
	"action": "flow/create-entity",
	"params": {},
	"context": {
		"workspace": {
			"rootPath": "C:/Users/Beffi/WebstormProjects/ZADANIE1/lowgular-course-entry"
		},
		"userContext": {
			"id": "iFadiEp1FV",
			"correlationId": "liN6_PKVf3",
			"clickedPath": "C:/Users/Beffi/WebstormProjects/ZADANIE1/lowgular-course-entry/src/app/ui",
			"logEnvId": "development"
		}
	},
	"level": "info",
	"message": "[API] Request for flow/create-entity"
}
[info] [CLI] Calling Query flow/create-entity: {
	"funcParams": {},
	"level": "info",
	"message": "[CLI] Calling Query flow/create-entity"
}
[info] [CLI] Called Query flow/create-entity: {
	"result": {
		"context": {
			"project": {
				"name": "lowgular-course-entry",
				"workspaceRoot": "C:/Users/Beffi/WebstormProjects/ZADANIE1/lowgular-course-entry",
				"root": "",
				"sourceRoot": "src",
				"prefix": "app",
				"codePathFromWorkspaceRoot": "src/app",
				"absoluteCodePath": "C:/Users/Beffi/WebstormProjects/ZADANIE1/lowgular-course-entry/src/app",
				"absoluteRootPath": "C:/Users/Beffi/WebstormProjects/ZADANIE1/lowgular-course-entry",
				"rootRoutingFilePath": "C:/Users/Beffi/WebstormProjects/ZADANIE1/lowgular-course-entry/src/app/app-routing.module.ts",
				"type": "App"
			}
		},
		"steps": [
			{
				"contextId": "entity",
				"title": "What do you want to create?",
				"type": "multi-option",
				"options": {
					"App": [
						{
							"id": "component",
							"suffix": "Component",
							"folder": "ui/$name$",
							"type": "ANGULAR_COMPONENT",
							"insideOf": "App",
							"config": {
								"stylesExtension": "none",
								"viewEncapsulation": "Emulated",
								"selector": "generated",
								"changeDetectionStrategy": "OnPush"
							}
						},
						{
							"id": "dataService",
							"suffix": "Service",
							"folder": "services",
							"type": "ANGULAR_SERVICE",
							"insideOf": "App"
						},
						{
							"id": "model",
							"suffix": "Model",
							"folder": "model",
							"type": "DATA_STRUCTURE",
							"insideOf": "App"
						},
						{
							"id": "response",
							"suffix": "Response",
							"folder": "services",
							"type": "DATA_STRUCTURE",
							"insideOf": "App"
						}
					],
					"Lib": []
				},
				"param": "project.type",
				"property": "id"
			},
			{
				"contextId": "name",
				"title": "What is the $entity.id$ name?",
				"subtitle": "e.g. user",
				"type": "text-input"
			},
			{
				"conditions": [
					{
						"left": "entity.type",
						"operator": "eq",
						"right": "DATA_STRUCTURE"
					},
					{
						"left": "entity.type",
						"operator": "eq",
						"right": "OBJECT"
					}
				],
				"contextId": "properties",
				"title": "What are the $entity.id$ properties?",
				"subtitle": "Optional: Can be empty... or use csv format e.g. id:number,text:string",
				"type": "multi-input"
			}
		],
		"request": {
			"scope": "entity.type",
			"config": {
				"LIBRARY": {
					"url": "library/create",
					"payload": {
						"name": "name.value"
					}
				},
				"OBJECT": {
					"url": "object/create",
					"payload": {
						"name": "name.value",
						"properties": "properties",
						"entityId": "entity.id"
					}
				},
				"DATA_STRUCTURE": {
					"url": "data-structure/create",
					"payload": {
						"name": "name.value",
						"properties": "properties",
						"entityId": "entity.id"
					}
				},
				"ANGULAR_COMPONENT": {
					"url": "angular-component/create",
					"payload": {
						"name": "name.value",
						"entityId": "entity.id"
					}
				},
				"ANGULAR_DIRECTIVE": {
					"url": "angular-directive/create",
					"payload": {
						"name": "name.value",
						"entityId": "entity.id"
					}
				},
				"ANGULAR_GUARD": {
					"url": "angular-guard/create",
					"payload": {
						"name": "name.value",
						"entityId": "entity.id"
					}
				},
				"ANGULAR_RESOLVER": {
					"url": "angular-resolver/create",
					"payload": {
						"name": "name.value",
						"entityId": "entity.id"
					}
				},
				"ANGULAR_SERVICE": {
					"url": "angular-service/create",
					"payload": {
						"name": "name.value",
						"entityId": "entity.id"
					}
				},
				"ABSTRACTION": {
					"url": "abstraction/create",
					"payload": {
						"name": "name.value",
						"entityId": "entity.id"
					}
				}
			}
		}
	},
	"level": "info",
	"message": "[CLI] Called Query flow/create-entity"
}
[info] [API] Response ok: flow/create-entity: {
	"result": {
		"context": {
			"project": {
				"name": "lowgular-course-entry",
				"workspaceRoot": "C:/Users/Beffi/WebstormProjects/ZADANIE1/lowgular-course-entry",
				"root": "",
				"sourceRoot": "src",
				"prefix": "app",
				"codePathFromWorkspaceRoot": "src/app",
				"absoluteCodePath": "C:/Users/Beffi/WebstormProjects/ZADANIE1/lowgular-course-entry/src/app",
				"absoluteRootPath": "C:/Users/Beffi/WebstormProjects/ZADANIE1/lowgular-course-entry",
				"rootRoutingFilePath": "C:/Users/Beffi/WebstormProjects/ZADANIE1/lowgular-course-entry/src/app/app-routing.module.ts",
				"type": "App"
			}
		},
		"steps": [
			{
				"contextId": "entity",
				"title": "What do you want to create?",
				"type": "multi-option",
				"options": {
					"App": [
						{
							"id": "component",
							"suffix": "Component",
							"folder": "ui/$name$",
							"type": "ANGULAR_COMPONENT",
							"insideOf": "App",
							"config": {
								"stylesExtension": "none",
								"viewEncapsulation": "Emulated",
								"selector": "generated",
								"changeDetectionStrategy": "OnPush"
							}
						},
						{
							"id": "dataService",
							"suffix": "Service",
							"folder": "services",
							"type": "ANGULAR_SERVICE",
							"insideOf": "App"
						},
						{
							"id": "model",
							"suffix": "Model",
							"folder": "model",
							"type": "DATA_STRUCTURE",
							"insideOf": "App"
						},
						{
							"id": "response",
							"suffix": "Response",
							"folder": "services",
							"type": "DATA_STRUCTURE",
							"insideOf": "App"
						}
					],
					"Lib": []
				},
				"param": "project.type",
				"property": "id"
			},
			{
				"contextId": "name",
				"title": "What is the $entity.id$ name?",
				"subtitle": "e.g. user",
				"type": "text-input"
			},
			{
				"conditions": [
					{
						"left": "entity.type",
						"operator": "eq",
						"right": "DATA_STRUCTURE"
					},
					{
						"left": "entity.type",
						"operator": "eq",
						"right": "OBJECT"
					}
				],
				"contextId": "properties",
				"title": "What are the $entity.id$ properties?",
				"subtitle": "Optional: Can be empty... or use csv format e.g. id:number,text:string",
				"type": "multi-input"
			}
		],
		"request": {
			"scope": "entity.type",
			"config": {
				"LIBRARY": {
					"url": "library/create",
					"payload": {
						"name": "name.value"
					}
				},
				"OBJECT": {
					"url": "object/create",
					"payload": {
						"name": "name.value",
						"properties": "properties",
						"entityId": "entity.id"
					}
				},
				"DATA_STRUCTURE": {
					"url": "data-structure/create",
					"payload": {
						"name": "name.value",
						"properties": "properties",
						"entityId": "entity.id"
					}
				},
				"ANGULAR_COMPONENT": {
					"url": "angular-component/create",
					"payload": {
						"name": "name.value",
						"entityId": "entity.id"
					}
				},
				"ANGULAR_DIRECTIVE": {
					"url": "angular-directive/create",
					"payload": {
						"name": "name.value",
						"entityId": "entity.id"
					}
				},
				"ANGULAR_GUARD": {
					"url": "angular-guard/create",
					"payload": {
						"name": "name.value",
						"entityId": "entity.id"
					}
				},
				"ANGULAR_RESOLVER": {
					"url": "angular-resolver/create",
					"payload": {
						"name": "name.value",
						"entityId": "entity.id"
					}
				},
				"ANGULAR_SERVICE": {
					"url": "angular-service/create",
					"payload": {
						"name": "name.value",
						"entityId": "entity.id"
					}
				},
				"ABSTRACTION": {
					"url": "abstraction/create",
					"payload": {
						"name": "name.value",
						"entityId": "entity.id"
					}
				}
			}
		}
	},
	"level": "info",
	"message": "[API] Response ok: flow/create-entity"
}
[info] [API] Request for angular-service/create: {
	"action": "angular-service/create",
	"params": {
		"name": "employee",
		"entityId": "dataService"
	},
	"context": {
		"workspace": {
			"rootPath": "C:/Users/Beffi/WebstormProjects/ZADANIE1/lowgular-course-entry"
		},
		"userContext": {
			"id": "iFadiEp1FV",
			"correlationId": "liN6_PKVf3",
			"clickedPath": "C:/Users/Beffi/WebstormProjects/ZADANIE1/lowgular-course-entry/src/app/ui",
			"logEnvId": "development"
		}
	},
	"level": "info",
	"message": "[API] Request for angular-service/create"
}
[info] [CLI] Calling Command angular-service/create: {
	"funcParams": {
		"name": "employee",
		"entityId": "dataService"
	},
	"level": "info",
	"message": "[CLI] Calling Command angular-service/create"
}
[info] [CommandBus]: Dispatching command CREATE_SERVICE: {
	"commandName": "CREATE_SERVICE",
	"payload": {
		"folderPath": "C:/Users/Beffi/WebstormProjects/ZADANIE1/lowgular-course-entry/src/app/services",
		"name": "employee",
		"suffix": "Service"
	},
	"level": "info",
	"message": "[CommandBus]: Dispatching command CREATE_SERVICE"
}
[info] [CommandBus]: Dispatching command MODULE_CREATE_SERVICE_MODULE: {
	"commandName": "MODULE_CREATE_SERVICE_MODULE",
	"payload": {
		"filePath": "C:/Users/Beffi/WebstormProjects/ZADANIE1/lowgular-course-entry/src/app/services/employee.service.ts"
	},
	"level": "info",
	"message": "[CommandBus]: Dispatching command MODULE_CREATE_SERVICE_MODULE"
}
[info] [EventBus]: Broadcasting event SERVICE_CREATED: {
	"type": "SERVICE_CREATED",
	"payload": {
		"createdFile": "C:/Users/Beffi/WebstormProjects/ZADANIE1/lowgular-course-entry/src/app/services/employee.service.ts"
	},
	"level": "info",
	"message": "[EventBus]: Broadcasting event SERVICE_CREATED"
}
[info] [EventBus]: Broadcasted SERVICE_CREATED: {
	"event": {
		"createdFile": "C:/Users/Beffi/WebstormProjects/ZADANIE1/lowgular-course-entry/src/app/services/employee.service.ts"
	},
	"level": "info",
	"message": "[EventBus]: Broadcasted SERVICE_CREATED"
}
[info] [EventBus]: Broadcasting event MODULE_MODULE_CREATED: {
	"type": "MODULE_MODULE_CREATED",
	"payload": {
		"moduleFile": "C:/Users/Beffi/WebstormProjects/ZADANIE1/lowgular-course-entry/src/app/services/employee.service-module.ts"
	},
	"level": "info",
	"message": "[EventBus]: Broadcasting event MODULE_MODULE_CREATED"
}
[info] [EventBus]: Broadcasted MODULE_MODULE_CREATED: {
	"event": {
		"moduleFile": "C:/Users/Beffi/WebstormProjects/ZADANIE1/lowgular-course-entry/src/app/services/employee.service-module.ts"
	},
	"level": "info",
	"message": "[EventBus]: Broadcasted MODULE_MODULE_CREATED"
}
[info] [CommandBus]: Handled  MODULE_CREATE_SERVICE_MODULE: {
	"commandName": "MODULE_CREATE_SERVICE_MODULE",
	"payload": {
		"filePath": "C:/Users/Beffi/WebstormProjects/ZADANIE1/lowgular-course-entry/src/app/services/employee.service.ts"
	},
	"level": "info",
	"message": "[CommandBus]: Handled  MODULE_CREATE_SERVICE_MODULE"
}
[info] [CommandBus]: Handled  CREATE_SERVICE: {
	"commandName": "CREATE_SERVICE",
	"payload": {
		"folderPath": "C:/Users/Beffi/WebstormProjects/ZADANIE1/lowgular-course-entry/src/app/services",
		"name": "employee",
		"suffix": "Service"
	},
	"level": "info",
	"message": "[CommandBus]: Handled  CREATE_SERVICE"
}
[info] [CLI] Called Command angular-service/create: {
	"message": "[CLI] Called Command angular-service/create",
	"level": "info"
}
[info] [API] Response ok: angular-service/create: {
	"result": {
		"filePath": "C:/Users/Beffi/WebstormProjects/ZADANIE1/lowgular-course-entry/src/app/services/employee.service.ts"
	},
	"level": "info",
	"message": "[API] Response ok: angular-service/create"
}
[info] [API] Request for entity/actions: {
	"action": "entity/actions",
	"params": {
		"clickedPath": "C:/Users/Beffi/WebstormProjects/ZADANIE1/lowgular-course-entry/src/app/services/employee.service.ts",
		"position": 89
	},
	"context": {
		"workspace": {
			"rootPath": "C:/Users/Beffi/WebstormProjects/ZADANIE1/lowgular-course-entry"
		},
		"userContext": {
			"id": "iFadiEp1FV",
			"correlationId": "JCyUywVoLK",
			"clickedPath": "C:/Users/Beffi/WebstormProjects/ZADANIE1/lowgular-course-entry/src/app/services/employee.service.ts",
			"logEnvId": "development"
		}
	},
	"level": "info",
	"message": "[API] Request for entity/actions"
}
[info] [CLI] Calling Query entity/actions: {
	"funcParams": {
		"clickedPath": "C:/Users/Beffi/WebstormProjects/ZADANIE1/lowgular-course-entry/src/app/services/employee.service.ts",
		"position": 89
	},
	"level": "info",
	"message": "[CLI] Calling Query entity/actions"
}
[info] [CLI] Called Query entity/actions: {
	"result": {
		"context": {
			"parentClass": "EmployeeService"
		},
		"children": [
			{
				"label": "Inject",
				"actionId": "INJECT",
				"callPath": []
			},
			{
				"label": "Methods",
				"children": [
					{
						"actionId": "RXJS_METHOD_CREATE",
						"label": "Create New Method",
						"callPath": []
					}
				]
			}
		]
	},
	"level": "info",
	"message": "[CLI] Called Query entity/actions"
}
[info] [API] Response ok: entity/actions: {
	"result": {
		"context": {
			"parentClass": "EmployeeService"
		},
		"children": [
			{
				"label": "Inject",
				"actionId": "INJECT",
				"callPath": []
			},
			{
				"label": "Methods",
				"children": [
					{
						"actionId": "RXJS_METHOD_CREATE",
						"label": "Create New Method",
						"callPath": []
					}
				]
			}
		]
	},
	"level": "info",
	"message": "[API] Response ok: entity/actions"
}
[info] [API] Request for injectable/list: {
	"action": "injectable/list",
	"params": {
		"entityFilePath": "C:/Users/Beffi/WebstormProjects/ZADANIE1/lowgular-course-entry/src/app/services/employee.service.ts"
	},
	"context": {
		"workspace": {
			"rootPath": "C:/Users/Beffi/WebstormProjects/ZADANIE1/lowgular-course-entry"
		},
		"userContext": {
			"id": "iFadiEp1FV",
			"correlationId": "JCyUywVoLK",
			"clickedPath": "C:/Users/Beffi/WebstormProjects/ZADANIE1/lowgular-course-entry/src/app/services/employee.service.ts",
			"logEnvId": "development"
		}
	},
	"level": "info",
	"message": "[API] Request for injectable/list"
}
[info] [CLI] Calling Query injectable/list: {
	"funcParams": {
		"entityFilePath": "C:/Users/Beffi/WebstormProjects/ZADANIE1/lowgular-course-entry/src/app/services/employee.service.ts"
	},
	"level": "info",
	"message": "[CLI] Calling Query injectable/list"
}
[info] [CLI] Called Query injectable/list: {
	"result": [
		{
			"id": "httpClient",
			"dataType": "External",
			"name": "HttpClient",
			"relatedTypes": {}
		}
	],
	"level": "info",
	"message": "[CLI] Called Query injectable/list"
}
[info] [API] Response ok: injectable/list: {
	"result": [
		{
			"id": "httpClient",
			"dataType": "External",
			"name": "HttpClient",
			"relatedTypes": {}
		}
	],
	"level": "info",
	"message": "[API] Response ok: injectable/list"
}
[info] [API] Request for entity/actions: {
	"action": "entity/actions",
	"params": {
		"clickedPath": "C:/Users/Beffi/WebstormProjects/ZADANIE1/lowgular-course-entry/src/app/services/employee.service.ts",
		"position": 92
	},
	"context": {
		"workspace": {
			"rootPath": "C:/Users/Beffi/WebstormProjects/ZADANIE1/lowgular-course-entry"
		},
		"userContext": {
			"id": "iFadiEp1FV",
			"correlationId": "ug7dCFIIwg",
			"clickedPath": "C:/Users/Beffi/WebstormProjects/ZADANIE1/lowgular-course-entry/src/app/services/employee.service.ts",
			"logEnvId": "development"
		}
	},
	"level": "info",
	"message": "[API] Request for entity/actions"
}
[info] [CLI] Calling Query entity/actions: {
	"funcParams": {
		"clickedPath": "C:/Users/Beffi/WebstormProjects/ZADANIE1/lowgular-course-entry/src/app/services/employee.service.ts",
		"position": 92
	},
	"level": "info",
	"message": "[CLI] Calling Query entity/actions"
}
[info] [CLI] Called Query entity/actions: {
	"result": {
		"context": {},
		"children": [
			{
				"label": "Inject",
				"actionId": "INJECT",
				"callPath": []
			},
			{
				"label": "Methods",
				"children": [
					{
						"actionId": "RXJS_METHOD_CREATE",
						"label": "Create New Method",
						"callPath": []
					}
				]
			}
		]
	},
	"level": "info",
	"message": "[CLI] Called Query entity/actions"
}
[info] [API] Response ok: entity/actions: {
	"result": {
		"context": {},
		"children": [
			{
				"label": "Inject",
				"actionId": "INJECT",
				"callPath": []
			},
			{
				"label": "Methods",
				"children": [
					{
						"actionId": "RXJS_METHOD_CREATE",
						"label": "Create New Method",
						"callPath": []
					}
				]
			}
		]
	},
	"level": "info",
	"message": "[API] Response ok: entity/actions"
}
[info] [API] Request for injectable/list: {
	"action": "injectable/list",
	"params": {
		"entityFilePath": "C:/Users/Beffi/WebstormProjects/ZADANIE1/lowgular-course-entry/src/app/services/employee.service.ts"
	},
	"context": {
		"workspace": {
			"rootPath": "C:/Users/Beffi/WebstormProjects/ZADANIE1/lowgular-course-entry"
		},
		"userContext": {
			"id": "iFadiEp1FV",
			"correlationId": "ug7dCFIIwg",
			"clickedPath": "C:/Users/Beffi/WebstormProjects/ZADANIE1/lowgular-course-entry/src/app/services/employee.service.ts",
			"logEnvId": "development"
		}
	},
	"level": "info",
	"message": "[API] Request for injectable/list"
}
[info] [CLI] Calling Query injectable/list: {
	"funcParams": {
		"entityFilePath": "C:/Users/Beffi/WebstormProjects/ZADANIE1/lowgular-course-entry/src/app/services/employee.service.ts"
	},
	"level": "info",
	"message": "[CLI] Calling Query injectable/list"
}
[info] [CLI] Called Query injectable/list: {
	"result": [
		{
			"id": "httpClient",
			"dataType": "External",
			"name": "HttpClient",
			"relatedTypes": {}
		}
	],
	"level": "info",
	"message": "[CLI] Called Query injectable/list"
}
[info] [API] Response ok: injectable/list: {
	"result": [
		{
			"id": "httpClient",
			"dataType": "External",
			"name": "HttpClient",
			"relatedTypes": {}
		}
	],
	"level": "info",
	"message": "[API] Response ok: injectable/list"
}
[info] [API] Request for injectable/inject-external: {
	"action": "injectable/inject-external",
	"params": {
		"entityFilePath": "C:/Users/Beffi/WebstormProjects/ZADANIE1/lowgular-course-entry/src/app/services/employee.service.ts",
		"externalId": "httpClient"
	},
	"context": {
		"workspace": {
			"rootPath": "C:/Users/Beffi/WebstormProjects/ZADANIE1/lowgular-course-entry"
		},
		"userContext": {
			"id": "iFadiEp1FV",
			"correlationId": "ug7dCFIIwg",
			"clickedPath": "C:/Users/Beffi/WebstormProjects/ZADANIE1/lowgular-course-entry/src/app/services/employee.service.ts",
			"logEnvId": "development"
		}
	},
	"level": "info",
	"message": "[API] Request for injectable/inject-external"
}
[info] [CLI] Calling Command injectable/inject-external: {
	"funcParams": {
		"entityFilePath": "C:/Users/Beffi/WebstormProjects/ZADANIE1/lowgular-course-entry/src/app/services/employee.service.ts",
		"externalId": "httpClient"
	},
	"level": "info",
	"message": "[CLI] Calling Command injectable/inject-external"
}
[info] [CommandBus]: Dispatching command INJECT_EXTERNAL_DEPENDENCY: {
	"commandName": "INJECT_EXTERNAL_DEPENDENCY",
	"payload": {
		"entityFilePath": "C:/Users/Beffi/WebstormProjects/ZADANIE1/lowgular-course-entry/src/app/services/employee.service.ts",
		"externalType": "HttpClient",
		"genericFilePaths": []
	},
	"level": "info",
	"message": "[CommandBus]: Dispatching command INJECT_EXTERNAL_DEPENDENCY"
}
[info] [CommandBus]: Handled  INJECT_EXTERNAL_DEPENDENCY: {
	"commandName": "INJECT_EXTERNAL_DEPENDENCY",
	"payload": {
		"entityFilePath": "C:/Users/Beffi/WebstormProjects/ZADANIE1/lowgular-course-entry/src/app/services/employee.service.ts",
		"externalType": "HttpClient",
		"genericFilePaths": []
	},
	"level": "info",
	"message": "[CommandBus]: Handled  INJECT_EXTERNAL_DEPENDENCY"
}
[info] [CLI] Called Command injectable/inject-external: {
	"message": "[CLI] Called Command injectable/inject-external",
	"level": "info"
}
[info] [API] Response ok: injectable/inject-external: {
	"result": {
		"filePath": "C:/Users/Beffi/WebstormProjects/ZADANIE1/lowgular-course-entry/src/app/services/employee.service.ts"
	},
	"level": "info",
	"message": "[API] Response ok: injectable/inject-external"
}
[info] [API] Request for entity/actions: {
	"action": "entity/actions",
	"params": {
		"clickedPath": "C:/Users/Beffi/WebstormProjects/ZADANIE1/lowgular-course-entry/src/app/ui/employee-list/employee-list.component.ts",
		"position": 630
	},
	"context": {
		"workspace": {
			"rootPath": "C:/Users/Beffi/WebstormProjects/ZADANIE1/lowgular-course-entry"
		},
		"userContext": {
			"id": "iFadiEp1FV",
			"correlationId": "fc1ZEf2QeT",
			"clickedPath": "C:/Users/Beffi/WebstormProjects/ZADANIE1/lowgular-course-entry/src/app/ui/employee-list/employee-list.component.ts",
			"logEnvId": "development"
		}
	},
	"level": "info",
	"message": "[API] Request for entity/actions"
}
[info] [CLI] Calling Query entity/actions: {
	"funcParams": {
		"clickedPath": "C:/Users/Beffi/WebstormProjects/ZADANIE1/lowgular-course-entry/src/app/ui/employee-list/employee-list.component.ts",
		"position": 630
	},
	"level": "info",
	"message": "[CLI] Calling Query entity/actions"
}
[info] [CLI] Called Query entity/actions: {
	"result": {
		"context": {
			"parentClass": "EmployeeListComponent",
			"parentProperty": "data$"
		},
		"children": [
			{
				"label": "Properties",
				"children": [
					{
						"label": "data$",
						"children": [
							{
								"actionId": "RXJS_CALL_EXPRESSIONS_MAP",
								"label": "Map Property",
								"callPath": [
									"data$"
								]
							},
							{
								"actionId": "RXJS_CALL_EXPRESSIONS_TAP",
								"label": "Property Side Effect",
								"callPath": [
									"data$"
								]
							}
						]
					},
					{
						"actionId": "ADD_FORM",
						"label": "Create Form Property",
						"callPath": []
					},
					{
						"actionId": "RXJS_PROPERTY_CREATE",
						"label": "Create Data Property",
						"callPath": []
					},
					{
						"actionId": "RXJS_PROPERTY_SUBJECT_CREATE",
						"label": "Create Subject Property",
						"callPath": []
					}
				]
			},
			{
				"label": "Inject",
				"actionId": "INJECT",
				"callPath": []
			},
			{
				"label": "Methods",
				"children": [
					{
						"actionId": "METHOD_CREATE",
						"label": "Create New Method",
						"callPath": []
					}
				]
			},
			{
				"label": "Add Component to Route",
				"actionId": "ADD_TO_ROUTE",
				"callPath": []
			}
		]
	},
	"level": "info",
	"message": "[CLI] Called Query entity/actions"
}
[info] [API] Response ok: entity/actions: {
	"result": {
		"context": {
			"parentClass": "EmployeeListComponent",
			"parentProperty": "data$"
		},
		"children": [
			{
				"label": "Properties",
				"children": [
					{
						"label": "data$",
						"children": [
							{
								"actionId": "RXJS_CALL_EXPRESSIONS_MAP",
								"label": "Map Property",
								"callPath": [
									"data$"
								]
							},
							{
								"actionId": "RXJS_CALL_EXPRESSIONS_TAP",
								"label": "Property Side Effect",
								"callPath": [
									"data$"
								]
							}
						]
					},
					{
						"actionId": "ADD_FORM",
						"label": "Create Form Property",
						"callPath": []
					},
					{
						"actionId": "RXJS_PROPERTY_CREATE",
						"label": "Create Data Property",
						"callPath": []
					},
					{
						"actionId": "RXJS_PROPERTY_SUBJECT_CREATE",
						"label": "Create Subject Property",
						"callPath": []
					}
				]
			},
			{
				"label": "Inject",
				"actionId": "INJECT",
				"callPath": []
			},
			{
				"label": "Methods",
				"children": [
					{
						"actionId": "METHOD_CREATE",
						"label": "Create New Method",
						"callPath": []
					}
				]
			},
			{
				"label": "Add Component to Route",
				"actionId": "ADD_TO_ROUTE",
				"callPath": []
			}
		]
	},
	"level": "info",
	"message": "[API] Response ok: entity/actions"
}
[info] [API] Request for injectable/list: {
	"action": "injectable/list",
	"params": {
		"entityFilePath": "C:/Users/Beffi/WebstormProjects/ZADANIE1/lowgular-course-entry/src/app/ui/employee-list/employee-list.component.ts"
	},
	"context": {
		"workspace": {
			"rootPath": "C:/Users/Beffi/WebstormProjects/ZADANIE1/lowgular-course-entry"
		},
		"userContext": {
			"id": "iFadiEp1FV",
			"correlationId": "fc1ZEf2QeT",
			"clickedPath": "C:/Users/Beffi/WebstormProjects/ZADANIE1/lowgular-course-entry/src/app/ui/employee-list/employee-list.component.ts",
			"logEnvId": "development"
		}
	},
	"level": "info",
	"message": "[API] Request for injectable/list"
}
[info] [CLI] Calling Query injectable/list: {
	"funcParams": {
		"entityFilePath": "C:/Users/Beffi/WebstormProjects/ZADANIE1/lowgular-course-entry/src/app/ui/employee-list/employee-list.component.ts"
	},
	"level": "info",
	"message": "[CLI] Calling Query injectable/list"
}
[info] [CLI] Called Query injectable/list: {
	"result": [
		{
			"file": "C:/Users/Beffi/WebstormProjects/ZADANIE1/lowgular-course-entry/src/app/services/employee.service.ts",
			"name": "EmployeeService",
			"type": "ANGULAR_SERVICE",
			"dataType": "Internal"
		},
		{
			"id": "httpClient",
			"dataType": "External",
			"name": "HttpClient",
			"relatedTypes": {}
		},
		{
			"id": "activatedRoute",
			"dataType": "External",
			"name": "ActivatedRoute",
			"relatedTypes": {}
		}
	],
	"level": "info",
	"message": "[CLI] Called Query injectable/list"
}
[info] [API] Response ok: injectable/list: {
	"result": [
		{
			"file": "C:/Users/Beffi/WebstormProjects/ZADANIE1/lowgular-course-entry/src/app/services/employee.service.ts",
			"name": "EmployeeService",
			"type": "ANGULAR_SERVICE",
			"dataType": "Internal"
		},
		{
			"id": "httpClient",
			"dataType": "External",
			"name": "HttpClient",
			"relatedTypes": {}
		},
		{
			"id": "activatedRoute",
			"dataType": "External",
			"name": "ActivatedRoute",
			"relatedTypes": {}
		}
	],
	"level": "info",
	"message": "[API] Response ok: injectable/list"
}
[info] [API] Request for injectable/inject: {
	"action": "injectable/inject",
	"params": {
		"entityFilePath": "C:/Users/Beffi/WebstormProjects/ZADANIE1/lowgular-course-entry/src/app/ui/employee-list/employee-list.component.ts",
		"injectingPath": "C:/Users/Beffi/WebstormProjects/ZADANIE1/lowgular-course-entry/src/app/services/employee.service.ts"
	},
	"context": {
		"workspace": {
			"rootPath": "C:/Users/Beffi/WebstormProjects/ZADANIE1/lowgular-course-entry"
		},
		"userContext": {
			"id": "iFadiEp1FV",
			"correlationId": "fc1ZEf2QeT",
			"clickedPath": "C:/Users/Beffi/WebstormProjects/ZADANIE1/lowgular-course-entry/src/app/ui/employee-list/employee-list.component.ts",
			"logEnvId": "development"
		}
	},
	"level": "info",
	"message": "[API] Request for injectable/inject"
}
[info] [CLI] Calling Command injectable/inject: {
	"funcParams": {
		"entityFilePath": "C:/Users/Beffi/WebstormProjects/ZADANIE1/lowgular-course-entry/src/app/ui/employee-list/employee-list.component.ts",
		"injectingPath": "C:/Users/Beffi/WebstormProjects/ZADANIE1/lowgular-course-entry/src/app/services/employee.service.ts"
	},
	"level": "info",
	"message": "[CLI] Calling Command injectable/inject"
}
[info] [CommandBus]: Dispatching command INJECT_SERVICE_DEPENDENCY: {
	"commandName": "INJECT_SERVICE_DEPENDENCY",
	"payload": {
		"entityFilePath": "C:/Users/Beffi/WebstormProjects/ZADANIE1/lowgular-course-entry/src/app/ui/employee-list/employee-list.component.ts",
		"injectingFilePath": "C:/Users/Beffi/WebstormProjects/ZADANIE1/lowgular-course-entry/src/app/services/employee.service.ts"
	},
	"level": "info",
	"message": "[CommandBus]: Dispatching command INJECT_SERVICE_DEPENDENCY"
}
[info] [CommandBus]: Handled  INJECT_SERVICE_DEPENDENCY: {
	"commandName": "INJECT_SERVICE_DEPENDENCY",
	"payload": {
		"entityFilePath": "C:/Users/Beffi/WebstormProjects/ZADANIE1/lowgular-course-entry/src/app/ui/employee-list/employee-list.component.ts",
		"injectingFilePath": "C:/Users/Beffi/WebstormProjects/ZADANIE1/lowgular-course-entry/src/app/services/employee.service.ts"
	},
	"level": "info",
	"message": "[CommandBus]: Handled  INJECT_SERVICE_DEPENDENCY"
}
[info] [CLI] Called Command injectable/inject: {
	"message": "[CLI] Called Command injectable/inject",
	"level": "info"
}
[info] [API] Response ok: injectable/inject: {
	"result": {
		"filePath": "C:/Users/Beffi/WebstormProjects/ZADANIE1/lowgular-course-entry/src/app/ui/employee-list/employee-list.component.ts"
	},
	"level": "info",
	"message": "[API] Response ok: injectable/inject"
}
[info] [API] Request for entity/actions: {
	"action": "entity/actions",
	"params": {
		"clickedPath": "C:/Users/Beffi/WebstormProjects/ZADANIE1/lowgular-course-entry/src/app/ui/faces/faces.component.ts",
		"position": 631
	},
	"context": {
		"workspace": {
			"rootPath": "C:/Users/Beffi/WebstormProjects/ZADANIE1/lowgular-course-entry"
		},
		"userContext": {
			"id": "iFadiEp1FV",
			"correlationId": "-ZUh-CQSjF",
			"clickedPath": "C:/Users/Beffi/WebstormProjects/ZADANIE1/lowgular-course-entry/src/app/ui/faces/faces.component.ts",
			"logEnvId": "development"
		}
	},
	"level": "info",
	"message": "[API] Request for entity/actions"
}
[info] [CLI] Calling Query entity/actions: {
	"funcParams": {
		"clickedPath": "C:/Users/Beffi/WebstormProjects/ZADANIE1/lowgular-course-entry/src/app/ui/faces/faces.component.ts",
		"position": 631
	},
	"level": "info",
	"message": "[CLI] Calling Query entity/actions"
}
[info] [CLI] Called Query entity/actions: {
	"result": {
		"context": {
			"parentClass": "FacesComponent"
		},
		"children": [
			{
				"label": "Properties",
				"children": [
					{
						"label": "data$",
						"children": [
							{
								"actionId": "RXJS_CALL_EXPRESSIONS_MAP",
								"label": "Map Property",
								"callPath": [
									"data$"
								]
							},
							{
								"actionId": "RXJS_CALL_EXPRESSIONS_TAP",
								"label": "Property Side Effect",
								"callPath": [
									"data$"
								]
							}
						]
					},
					{
						"actionId": "ADD_FORM",
						"label": "Create Form Property",
						"callPath": []
					},
					{
						"actionId": "RXJS_PROPERTY_CREATE",
						"label": "Create Data Property",
						"callPath": []
					},
					{
						"actionId": "RXJS_PROPERTY_SUBJECT_CREATE",
						"label": "Create Subject Property",
						"callPath": []
					}
				]
			},
			{
				"label": "Inject",
				"actionId": "INJECT",
				"callPath": []
			},
			{
				"label": "Methods",
				"children": [
					{
						"actionId": "METHOD_CREATE",
						"label": "Create New Method",
						"callPath": []
					}
				]
			},
			{
				"label": "Add Component to Route",
				"actionId": "ADD_TO_ROUTE",
				"callPath": []
			}
		]
	},
	"level": "info",
	"message": "[CLI] Called Query entity/actions"
}
[info] [API] Response ok: entity/actions: {
	"result": {
		"context": {
			"parentClass": "FacesComponent"
		},
		"children": [
			{
				"label": "Properties",
				"children": [
					{
						"label": "data$",
						"children": [
							{
								"actionId": "RXJS_CALL_EXPRESSIONS_MAP",
								"label": "Map Property",
								"callPath": [
									"data$"
								]
							},
							{
								"actionId": "RXJS_CALL_EXPRESSIONS_TAP",
								"label": "Property Side Effect",
								"callPath": [
									"data$"
								]
							}
						]
					},
					{
						"actionId": "ADD_FORM",
						"label": "Create Form Property",
						"callPath": []
					},
					{
						"actionId": "RXJS_PROPERTY_CREATE",
						"label": "Create Data Property",
						"callPath": []
					},
					{
						"actionId": "RXJS_PROPERTY_SUBJECT_CREATE",
						"label": "Create Subject Property",
						"callPath": []
					}
				]
			},
			{
				"label": "Inject",
				"actionId": "INJECT",
				"callPath": []
			},
			{
				"label": "Methods",
				"children": [
					{
						"actionId": "METHOD_CREATE",
						"label": "Create New Method",
						"callPath": []
					}
				]
			},
			{
				"label": "Add Component to Route",
				"actionId": "ADD_TO_ROUTE",
				"callPath": []
			}
		]
	},
	"level": "info",
	"message": "[API] Response ok: entity/actions"
}
[info] [API] Request for injectable/list: {
	"action": "injectable/list",
	"params": {
		"entityFilePath": "C:/Users/Beffi/WebstormProjects/ZADANIE1/lowgular-course-entry/src/app/ui/faces/faces.component.ts"
	},
	"context": {
		"workspace": {
			"rootPath": "C:/Users/Beffi/WebstormProjects/ZADANIE1/lowgular-course-entry"
		},
		"userContext": {
			"id": "iFadiEp1FV",
			"correlationId": "-ZUh-CQSjF",
			"clickedPath": "C:/Users/Beffi/WebstormProjects/ZADANIE1/lowgular-course-entry/src/app/ui/faces/faces.component.ts",
			"logEnvId": "development"
		}
	},
	"level": "info",
	"message": "[API] Request for injectable/list"
}
[info] [CLI] Calling Query injectable/list: {
	"funcParams": {
		"entityFilePath": "C:/Users/Beffi/WebstormProjects/ZADANIE1/lowgular-course-entry/src/app/ui/faces/faces.component.ts"
	},
	"level": "info",
	"message": "[CLI] Calling Query injectable/list"
}
[info] [CLI] Called Query injectable/list: {
	"result": [
		{
			"file": "C:/Users/Beffi/WebstormProjects/ZADANIE1/lowgular-course-entry/src/app/services/employee.service.ts",
			"name": "EmployeeService",
			"type": "ANGULAR_SERVICE",
			"dataType": "Internal"
		},
		{
			"id": "httpClient",
			"dataType": "External",
			"name": "HttpClient",
			"relatedTypes": {}
		},
		{
			"id": "activatedRoute",
			"dataType": "External",
			"name": "ActivatedRoute",
			"relatedTypes": {}
		}
	],
	"level": "info",
	"message": "[CLI] Called Query injectable/list"
}
[info] [API] Response ok: injectable/list: {
	"result": [
		{
			"file": "C:/Users/Beffi/WebstormProjects/ZADANIE1/lowgular-course-entry/src/app/services/employee.service.ts",
			"name": "EmployeeService",
			"type": "ANGULAR_SERVICE",
			"dataType": "Internal"
		},
		{
			"id": "httpClient",
			"dataType": "External",
			"name": "HttpClient",
			"relatedTypes": {}
		},
		{
			"id": "activatedRoute",
			"dataType": "External",
			"name": "ActivatedRoute",
			"relatedTypes": {}
		}
	],
	"level": "info",
	"message": "[API] Response ok: injectable/list"
}
[info] [API] Request for injectable/inject: {
	"action": "injectable/inject",
	"params": {
		"entityFilePath": "C:/Users/Beffi/WebstormProjects/ZADANIE1/lowgular-course-entry/src/app/ui/faces/faces.component.ts",
		"injectingPath": "C:/Users/Beffi/WebstormProjects/ZADANIE1/lowgular-course-entry/src/app/services/employee.service.ts"
	},
	"context": {
		"workspace": {
			"rootPath": "C:/Users/Beffi/WebstormProjects/ZADANIE1/lowgular-course-entry"
		},
		"userContext": {
			"id": "iFadiEp1FV",
			"correlationId": "-ZUh-CQSjF",
			"clickedPath": "C:/Users/Beffi/WebstormProjects/ZADANIE1/lowgular-course-entry/src/app/ui/faces/faces.component.ts",
			"logEnvId": "development"
		}
	},
	"level": "info",
	"message": "[API] Request for injectable/inject"
}
[info] [CLI] Calling Command injectable/inject: {
	"funcParams": {
		"entityFilePath": "C:/Users/Beffi/WebstormProjects/ZADANIE1/lowgular-course-entry/src/app/ui/faces/faces.component.ts",
		"injectingPath": "C:/Users/Beffi/WebstormProjects/ZADANIE1/lowgular-course-entry/src/app/services/employee.service.ts"
	},
	"level": "info",
	"message": "[CLI] Calling Command injectable/inject"
}
[info] [CommandBus]: Dispatching command INJECT_SERVICE_DEPENDENCY: {
	"commandName": "INJECT_SERVICE_DEPENDENCY",
	"payload": {
		"entityFilePath": "C:/Users/Beffi/WebstormProjects/ZADANIE1/lowgular-course-entry/src/app/ui/faces/faces.component.ts",
		"injectingFilePath": "C:/Users/Beffi/WebstormProjects/ZADANIE1/lowgular-course-entry/src/app/services/employee.service.ts"
	},
	"level": "info",
	"message": "[CommandBus]: Dispatching command INJECT_SERVICE_DEPENDENCY"
}
[info] [CommandBus]: Handled  INJECT_SERVICE_DEPENDENCY: {
	"commandName": "INJECT_SERVICE_DEPENDENCY",
	"payload": {
		"entityFilePath": "C:/Users/Beffi/WebstormProjects/ZADANIE1/lowgular-course-entry/src/app/ui/faces/faces.component.ts",
		"injectingFilePath": "C:/Users/Beffi/WebstormProjects/ZADANIE1/lowgular-course-entry/src/app/services/employee.service.ts"
	},
	"level": "info",
	"message": "[CommandBus]: Handled  INJECT_SERVICE_DEPENDENCY"
}
[info] [CLI] Called Command injectable/inject: {
	"message": "[CLI] Called Command injectable/inject",
	"level": "info"
}
[info] [API] Response ok: injectable/inject: {
	"result": {
		"filePath": "C:/Users/Beffi/WebstormProjects/ZADANIE1/lowgular-course-entry/src/app/ui/faces/faces.component.ts"
	},
	"level": "info",
	"message": "[API] Response ok: injectable/inject"
}
[info] [API] Request for flow/create-entity: {
	"action": "flow/create-entity",
	"params": {},
	"context": {
		"workspace": {
			"rootPath": "C:/Users/Beffi/WebstormProjects/ZADANIE1/lowgular-course-entry"
		},
		"userContext": {
			"id": "iFadiEp1FV",
			"correlationId": "e2oy_CsvxE",
			"clickedPath": "C:/Users/Beffi/WebstormProjects/ZADANIE1/lowgular-course-entry/src/app/model",
			"logEnvId": "development"
		}
	},
	"level": "info",
	"message": "[API] Request for flow/create-entity"
}
[info] [CLI] Calling Query flow/create-entity: {
	"funcParams": {},
	"level": "info",
	"message": "[CLI] Calling Query flow/create-entity"
}
[info] [CLI] Called Query flow/create-entity: {
	"result": {
		"context": {
			"project": {
				"name": "lowgular-course-entry",
				"workspaceRoot": "C:/Users/Beffi/WebstormProjects/ZADANIE1/lowgular-course-entry",
				"root": "",
				"sourceRoot": "src",
				"prefix": "app",
				"codePathFromWorkspaceRoot": "src/app",
				"absoluteCodePath": "C:/Users/Beffi/WebstormProjects/ZADANIE1/lowgular-course-entry/src/app",
				"absoluteRootPath": "C:/Users/Beffi/WebstormProjects/ZADANIE1/lowgular-course-entry",
				"rootRoutingFilePath": "C:/Users/Beffi/WebstormProjects/ZADANIE1/lowgular-course-entry/src/app/app-routing.module.ts",
				"type": "App"
			}
		},
		"steps": [
			{
				"contextId": "entity",
				"title": "What do you want to create?",
				"type": "multi-option",
				"options": {
					"App": [
						{
							"id": "component",
							"suffix": "Component",
							"folder": "ui/$name$",
							"type": "ANGULAR_COMPONENT",
							"insideOf": "App",
							"config": {
								"stylesExtension": "none",
								"viewEncapsulation": "Emulated",
								"selector": "generated",
								"changeDetectionStrategy": "OnPush"
							}
						},
						{
							"id": "dataService",
							"suffix": "Service",
							"folder": "services",
							"type": "ANGULAR_SERVICE",
							"insideOf": "App"
						},
						{
							"id": "model",
							"suffix": "Model",
							"folder": "model",
							"type": "DATA_STRUCTURE",
							"insideOf": "App"
						},
						{
							"id": "response",
							"suffix": "Response",
							"folder": "services",
							"type": "DATA_STRUCTURE",
							"insideOf": "App"
						}
					],
					"Lib": []
				},
				"param": "project.type",
				"property": "id"
			},
			{
				"contextId": "name",
				"title": "What is the $entity.id$ name?",
				"subtitle": "e.g. user",
				"type": "text-input"
			},
			{
				"conditions": [
					{
						"left": "entity.type",
						"operator": "eq",
						"right": "DATA_STRUCTURE"
					},
					{
						"left": "entity.type",
						"operator": "eq",
						"right": "OBJECT"
					}
				],
				"contextId": "properties",
				"title": "What are the $entity.id$ properties?",
				"subtitle": "Optional: Can be empty... or use csv format e.g. id:number,text:string",
				"type": "multi-input"
			}
		],
		"request": {
			"scope": "entity.type",
			"config": {
				"LIBRARY": {
					"url": "library/create",
					"payload": {
						"name": "name.value"
					}
				},
				"OBJECT": {
					"url": "object/create",
					"payload": {
						"name": "name.value",
						"properties": "properties",
						"entityId": "entity.id"
					}
				},
				"DATA_STRUCTURE": {
					"url": "data-structure/create",
					"payload": {
						"name": "name.value",
						"properties": "properties",
						"entityId": "entity.id"
					}
				},
				"ANGULAR_COMPONENT": {
					"url": "angular-component/create",
					"payload": {
						"name": "name.value",
						"entityId": "entity.id"
					}
				},
				"ANGULAR_DIRECTIVE": {
					"url": "angular-directive/create",
					"payload": {
						"name": "name.value",
						"entityId": "entity.id"
					}
				},
				"ANGULAR_GUARD": {
					"url": "angular-guard/create",
					"payload": {
						"name": "name.value",
						"entityId": "entity.id"
					}
				},
				"ANGULAR_RESOLVER": {
					"url": "angular-resolver/create",
					"payload": {
						"name": "name.value",
						"entityId": "entity.id"
					}
				},
				"ANGULAR_SERVICE": {
					"url": "angular-service/create",
					"payload": {
						"name": "name.value",
						"entityId": "entity.id"
					}
				},
				"ABSTRACTION": {
					"url": "abstraction/create",
					"payload": {
						"name": "name.value",
						"entityId": "entity.id"
					}
				}
			}
		}
	},
	"level": "info",
	"message": "[CLI] Called Query flow/create-entity"
}
[info] [API] Response ok: flow/create-entity: {
	"result": {
		"context": {
			"project": {
				"name": "lowgular-course-entry",
				"workspaceRoot": "C:/Users/Beffi/WebstormProjects/ZADANIE1/lowgular-course-entry",
				"root": "",
				"sourceRoot": "src",
				"prefix": "app",
				"codePathFromWorkspaceRoot": "src/app",
				"absoluteCodePath": "C:/Users/Beffi/WebstormProjects/ZADANIE1/lowgular-course-entry/src/app",
				"absoluteRootPath": "C:/Users/Beffi/WebstormProjects/ZADANIE1/lowgular-course-entry",
				"rootRoutingFilePath": "C:/Users/Beffi/WebstormProjects/ZADANIE1/lowgular-course-entry/src/app/app-routing.module.ts",
				"type": "App"
			}
		},
		"steps": [
			{
				"contextId": "entity",
				"title": "What do you want to create?",
				"type": "multi-option",
				"options": {
					"App": [
						{
							"id": "component",
							"suffix": "Component",
							"folder": "ui/$name$",
							"type": "ANGULAR_COMPONENT",
							"insideOf": "App",
							"config": {
								"stylesExtension": "none",
								"viewEncapsulation": "Emulated",
								"selector": "generated",
								"changeDetectionStrategy": "OnPush"
							}
						},
						{
							"id": "dataService",
							"suffix": "Service",
							"folder": "services",
							"type": "ANGULAR_SERVICE",
							"insideOf": "App"
						},
						{
							"id": "model",
							"suffix": "Model",
							"folder": "model",
							"type": "DATA_STRUCTURE",
							"insideOf": "App"
						},
						{
							"id": "response",
							"suffix": "Response",
							"folder": "services",
							"type": "DATA_STRUCTURE",
							"insideOf": "App"
						}
					],
					"Lib": []
				},
				"param": "project.type",
				"property": "id"
			},
			{
				"contextId": "name",
				"title": "What is the $entity.id$ name?",
				"subtitle": "e.g. user",
				"type": "text-input"
			},
			{
				"conditions": [
					{
						"left": "entity.type",
						"operator": "eq",
						"right": "DATA_STRUCTURE"
					},
					{
						"left": "entity.type",
						"operator": "eq",
						"right": "OBJECT"
					}
				],
				"contextId": "properties",
				"title": "What are the $entity.id$ properties?",
				"subtitle": "Optional: Can be empty... or use csv format e.g. id:number,text:string",
				"type": "multi-input"
			}
		],
		"request": {
			"scope": "entity.type",
			"config": {
				"LIBRARY": {
					"url": "library/create",
					"payload": {
						"name": "name.value"
					}
				},
				"OBJECT": {
					"url": "object/create",
					"payload": {
						"name": "name.value",
						"properties": "properties",
						"entityId": "entity.id"
					}
				},
				"DATA_STRUCTURE": {
					"url": "data-structure/create",
					"payload": {
						"name": "name.value",
						"properties": "properties",
						"entityId": "entity.id"
					}
				},
				"ANGULAR_COMPONENT": {
					"url": "angular-component/create",
					"payload": {
						"name": "name.value",
						"entityId": "entity.id"
					}
				},
				"ANGULAR_DIRECTIVE": {
					"url": "angular-directive/create",
					"payload": {
						"name": "name.value",
						"entityId": "entity.id"
					}
				},
				"ANGULAR_GUARD": {
					"url": "angular-guard/create",
					"payload": {
						"name": "name.value",
						"entityId": "entity.id"
					}
				},
				"ANGULAR_RESOLVER": {
					"url": "angular-resolver/create",
					"payload": {
						"name": "name.value",
						"entityId": "entity.id"
					}
				},
				"ANGULAR_SERVICE": {
					"url": "angular-service/create",
					"payload": {
						"name": "name.value",
						"entityId": "entity.id"
					}
				},
				"ABSTRACTION": {
					"url": "abstraction/create",
					"payload": {
						"name": "name.value",
						"entityId": "entity.id"
					}
				}
			}
		}
	},
	"level": "info",
	"message": "[API] Response ok: flow/create-entity"
}
[info] [API] Request for data-structure/create: {
	"action": "data-structure/create",
	"params": {
		"name": "person",
		"properties": {
			"personalNumber": "string",
			"name": "string",
			"mail": "string",
			"img": "string"
		},
		"entityId": "model"
	},
	"context": {
		"workspace": {
			"rootPath": "C:/Users/Beffi/WebstormProjects/ZADANIE1/lowgular-course-entry"
		},
		"userContext": {
			"id": "iFadiEp1FV",
			"correlationId": "e2oy_CsvxE",
			"clickedPath": "C:/Users/Beffi/WebstormProjects/ZADANIE1/lowgular-course-entry/src/app/model",
			"logEnvId": "development"
		}
	},
	"level": "info",
	"message": "[API] Request for data-structure/create"
}
[info] [CLI] Calling Command data-structure/create: {
	"funcParams": {
		"name": "person",
		"properties": {
			"personalNumber": "string",
			"name": "string",
			"mail": "string",
			"img": "string"
		},
		"entityId": "model"
	},
	"level": "info",
	"message": "[CLI] Calling Command data-structure/create"
}
[info] [CommandBus]: Dispatching command CREATE_DATA_STRUCTURE: {
	"commandName": "CREATE_DATA_STRUCTURE",
	"payload": {
		"folderPath": "C:/Users/Beffi/WebstormProjects/ZADANIE1/lowgular-course-entry/src/app/model",
		"name": "person",
		"suffix": "Model",
		"properties": {
			"personalNumber": "string",
			"name": "string",
			"mail": "string",
			"img": "string"
		}
	},
	"level": "info",
	"message": "[CommandBus]: Dispatching command CREATE_DATA_STRUCTURE"
}
[info] [CommandBus]: Handled  CREATE_DATA_STRUCTURE: {
	"commandName": "CREATE_DATA_STRUCTURE",
	"payload": {
		"folderPath": "C:/Users/Beffi/WebstormProjects/ZADANIE1/lowgular-course-entry/src/app/model",
		"name": "person",
		"suffix": "Model",
		"properties": {
			"personalNumber": "string",
			"name": "string",
			"mail": "string",
			"img": "string"
		}
	},
	"level": "info",
	"message": "[CommandBus]: Handled  CREATE_DATA_STRUCTURE"
}
[info] [CLI] Called Command data-structure/create: {
	"message": "[CLI] Called Command data-structure/create",
	"level": "info"
}
[info] [API] Response ok: data-structure/create: {
	"result": {
		"filePath": "C:/Users/Beffi/WebstormProjects/ZADANIE1/lowgular-course-entry/src/app/model/person.model.ts"
	},
	"level": "info",
	"message": "[API] Response ok: data-structure/create"
}
